"itf2-temp-rfile"
"Time Step" "itf2-temp etc.."
("Time Step" "itf2-temp" "flow-time")
0 283.1499957807364 0
1 290.3727742693314 0.1
2 291.4001955986153 0.2
3 292.1199265592846 0.3
4 292.6367733097252 0.4
5 293.0159468293454 0.5
6 293.2991966774946 0.6000000000000001
7 293.5139867554483 0.7000000000000001
8 293.6788570247272 0.8
9 293.8066289734626 0.9
10 293.9063681968294 1
11 293.9846149549072 1.1
12 294.0461738059052 1.2
13 294.094631761062 1.3
14 294.1327055753023 1.4
15 294.1624792365712 1.5
16 294.1855695460141 1.6
17 294.2032434480788 1.7
18 294.2165026638568 1.8
19 294.2261455352661 1.9
20 294.232812851268 2
21 294.2370222348815 2.1
22 294.2391942223476 2.2
23 294.2396722565978 2.3
24 294.2387381345972 2.4
25 294.236624060922 2.5
26 294.2335221009383 2.6
27 294.22959169206 2.7
28 294.2249656131075 2.8
29 294.2197547512731 2.9
30 294.214051970477 3
31 294.2079352274327 3.1
32 294.2014701014428 3.2
33 294.1947118660141 3.3
34 294.1877072195014 3.4
35 294.1804956517944 3.5
36 294.1731106187293 3.6
37 294.1655804961285 3.7
38 294.1579293811321 3.8
39 294.1501777495148 3.9
40 294.1423430212189 4
41 294.134440017346 4.100000000000001
42 294.1264813649433 4.2
43 294.1184778171033 4.3
44 294.1104385252694 4.4
45 294.1023712912335 4.5
46 294.0942827515369 4.600000000000001
47 294.0861785504314 4.7
48 294.0780634857947 4.800000000000001
49 294.0699416382818 4.9
50 294.0618164601375 5
51 294.0536908742533 5.100000000000001
52 294.0455673474369 5.2
53 294.0374479552697 5.300000000000001
54 294.0293344349112 5.4
55 294.0212282350868 5.5
56 294.0131305610816 5.600000000000001
57 294.00504239975 5.7
58 293.9969645579976 5.800000000000001
59 293.9888976900471 5.9
60 293.9808423088386 6
61 293.9727988201052 6.100000000000001
62 293.9647675243573 6.2
63 293.9567486423352 6.300000000000001
64 293.948742316979 6.4
65 293.9407486359757 6.5
66 293.9327676316313 6.600000000000001
67 293.9247992917698 6.7
68 293.9168435673674 6.800000000000001
69 293.9089003753407 6.9
70 293.9009696072164 7
71 293.8930511320539 7.100000000000001
72 293.8851448004411 7.2
73 293.8772504453514 7.300000000000001
74 293.8693678860008 7.4
75 293.8614969329639 7.5
76 293.853637388871 7.600000000000001
77 293.8457890427582 7.7
78 293.8379516847295 7.800000000000001
79 293.8301251002914 7.9
80 293.8223090638563 8
81 293.8145033555531 8.1
82 293.806707749466 8.200000000000001
83 293.7989220205194 8.300000000000001
84 293.7911459386085 8.4
85 293.7833792788016 8.5
86 293.7756218101138 8.6
87 293.767873304404 8.700000000000001
88 293.7601335360791 8.800000000000001
89 293.7524022737908 8.9
90 293.744679290888 9
91 293.7369643589024 9.1
92 293.7292572546104 9.200000000000001
93 293.7215577463028 9.300000000000001
94 293.7138656139333 9.4
95 293.7061806304941 9.5
96 293.6985025726244 9.600000000000001
97 293.6908312155225 9.700000000000001
98 293.6831663374937 9.800000000000001
99 293.6755077130114 9.9
100 293.6678551220583 10
101 293.6602083445476 10.1
102 293.6525671601672 10.2
103 293.6449313508903 10.3
104 293.6373006958263 10.4
105 293.6296749796535 10.5
106 293.6220539853679 10.6
107 293.614437499949 10.7
108 293.6068253095154 10.8
109 293.5992172043411 10.9
110 293.5916129731959 11
111 293.5840124094731 11.1
112 293.5764153068308 11.2
113 293.5688214624427 11.3
114 293.5612306765533 11.4
115 293.5536427510846 11.5
116 293.5460574911135 11.6
117 293.5384747075998 11.7
118 293.530894210358 11.8
119 293.5233158151151 11.9
120 293.5157393407875 12
121 293.5081646117786 12.1
122 293.5005914572436 12.2
123 293.4930197080914 12.3
124 293.4854492022981 12.4
125 293.4778797823137 12.5
126 293.4703112960223 12.6
127 293.4627435954246 12.7
128 293.4551765397823 12.8
129 293.4476099931414 12.9
130 293.4400438254629 13
131 293.4324779115482 13.1
132 293.4249121345011 13.2
133 293.4173463830932 13.3
134 293.409780550939 13.4
135 293.4022145386216 13.5
136 293.39464825353 13.6
137 293.3870816096542 13.7
138 293.3795145260551 13.8
139 293.3719469311206 13.9
140 293.3643787560354 14
141 293.3568099425673 14.1
142 293.3492404351312 14.2
143 293.3416701885231 14.3
144 293.3340991605022 14.4
145 293.3265273179825 14.5
146 293.3189546314527 14.6
147 293.311381080172 14.7
148 293.3038066463389 14.8
149 293.2962313225979 14.9
150 293.288655102798 15
151 293.2810779889318 15.1
152 293.2734999894751 15.2
153 293.2659211177366 15.3
154 293.2583413918354 15.4
155 293.2507608317222 15.5
156 293.2431794680215 15.6
157 293.2355973336371 15.7
158 293.228014464743 15.8
159 293.220430905527 15.9
160 293.2128467025341 16
161 293.2052619066116 16.1
162 293.1976765722287 16.2
163 293.190090759307 16.3
164 293.1825045298952 16.4
165 293.1749179497469 16.5
166 293.1673310886649 16.6
167 293.1597440190284 16.7
168 293.1521568164425 16.8
169 293.144569559697 16.9
170 293.1369823280015 17
171 293.1293952056319 17.1
172 293.121808279497 17.2
173 293.1142216367981 17.3
174 293.1066353676749 17.4
175 293.0990495641922 17.5
176 293.0914643200273 17.6
177 293.0838797302183 17.7
178 293.0762958920633 17.8
179 293.0687129025953 17.9
180 293.0611308629936 18
181 293.0535498717118 18.1
182 293.0459700298442 18.2
183 293.038391439243 18.3
184 293.0308142026528 18.4
185 293.023238424316 18.5
186 293.0156642054444 18.6
187 293.0080916524078 18.7
188 293.0005208677647 18.8
189 292.9929519592053 18.9
190 292.9853850283228 19
191 292.9778201812468 19.1
192 292.9702575200511 19.2
193 292.9626971506512 19.3
194 292.9551391747898 19.4
195 292.9475836981308 19.5
196 292.9400308219905 19.6
197 292.9324806519038 19.7
198 292.9249332876022 19.8
199 292.9173888331954 19.9
200 292.9098473884631 20
201 292.9023090532002 20.1
202 292.8947739299767 20.2
203 292.8872421164521 20.3
204 292.8797137100859 20.4
205 292.8721888116729 20.5
206 292.8646675168447 20.6
207 292.8571499209324 20.7
208 292.8496361210404 20.8
209 292.842126210739 20.9
210 292.834620283546 21
211 292.8271184326098 21.1
212 292.8196207498417 21.2
213 292.8121273258345 21.3
214 292.8046382504371 21.4
215 292.7971536127822 21.5
216 292.789673500636 21.6
217 292.7821980014099 21.7
218 292.7747272008827 21.8
219 292.7672611842014 21.9
220 292.7598000355941 22
221 292.7523438383631 22.1
222 292.7448926741948 22.2
223 292.7374466244582 22.3
224 292.7300057693344 22.4
225 292.7225701878315 22.5
226 292.7151399584475 22.6
227 292.7077151585765 22.7
228 292.7002958649808 22.8
229 292.6928821523904 22.9
230 292.6854740957735 23
231 292.6780717691828 23.1
232 292.6706752450292 23.2
233 292.66328459484 23.3
234 292.6558998898049 23.4
235 292.6485211995993 23.5
236 292.64114859336 23.6
237 292.6337821397656 23.7
238 292.6264219061389 23.8
239 292.6190679590396 23.9
240 292.6117203643625 24
241 292.6043791869795 24.1
242 292.5970444911885 24.2
243 292.5897163408811 24.3
244 292.5823947981467 24.4
245 292.5750799243094 24.5
246 292.5677717813793 24.6
247 292.5604704294746 24.7
248 292.5531759282284 24.8
249 292.5458883365873 24.9
250 292.538607712829 25
251 292.5313341144487 25.1
252 292.5240675981156 25.2
253 292.5168082201971 25.3
254 292.5095560363907 25.4
255 292.5023111013171 25.5
256 292.4950734691287 25.6
257 292.4878431935391 25.7
258 292.4806203274677 25.8
259 292.4734049230503 25.9
260 292.4661970322772 26
261 292.4589967096828 26.1
262 292.451804004739 26.2
263 292.4446189652927 26.3
264 292.4374416411959 26.4
265 292.4302720811033 26.5
266 292.4231103331643 26.6
267 292.4159564449484 26.7
268 292.4088104634087 26.8
269 292.4016724349422 26.9
270 292.3945424054564 27
271 292.38742042043 27.1
272 292.3803065247842 27.2
273 292.3732007628996 27.3
274 292.36610317847 27.4
275 292.3590138146218 27.5
276 292.3519327143451 27.6
277 292.3448599202441 27.7
278 292.3377954743583 27.8
279 292.3307394171862 27.9
280 292.3236917906868 28
281 292.3166526353929 28.1
282 292.3096219901012 28.2
283 292.3025998933136 28.3
284 292.2955863860436 28.4
285 292.2885815066618 28.5
286 292.2815852918295 28.6
287 292.2745977780117 28.7
288 292.2676190044652 28.8
289 292.2606490070879 28.9
290 292.2536878209424 29
291 292.2467354807613 29.1
292 292.2397920236387 29.2
293 292.2328574837196 29.3
294 292.225931893637 29.4
295 292.2190152866576 29.5
296 292.2121076977444 29.6
297 292.2052091592869 29.7
298 292.1983197022974 29.8
299 292.1914393578307 29.9
300 292.1845681589693 30
301 292.1777061360245 30.1
302 292.1708533182444 30.2
303 292.164009734835 30.3
304 292.1571754167682 30.4
305 292.1503503925942 30.5
306 292.143534689669 30.6
307 292.1367283352565 30.7
308 292.129931358412 30.8
309 292.1231437857833 30.9
310 292.1163656428184 31
311 292.1095969551039 31.1
312 292.1028377494177 31.2
313 292.0960880505935 31.3
314 292.0893478823515 31.4
315 292.0826172681389 31.5
316 292.0758962328581 31.6
317 292.0691847990169 31.7
318 292.0624829894505 31.8
319 292.0557908256118 31.9
320 292.0491083298311 32
321 292.0424355226999 32.1
322 292.0357724254102 32.2
323 292.0291190576293 32.3
324 292.0224754396535 32.4
325 292.0158415901735 32.5
326 292.0092175285159 32.6
327 292.0026032724917 32.7
328 291.9959988404538 32.8
329 291.9894042493211 32.9
330 291.982819516486 33
331 291.9762446579308 33.1
332 291.9696796901362 33.2
333 291.9631246281793 33.3
334 291.9565794875776 33.4
335 291.9500442824877 33.5
336 291.9435190275044 33.6
337 291.9370037359008 33.7
338 291.930498421364 33.8
339 291.9240030962569 33.9
340 291.9175177733479 34
341 291.9110424641055 34.1
342 291.9045771804109 34.2
343 291.8981219328533 34.3
344 291.891676732415 34.4
345 291.8852415888563 34.5
346 291.8788165122216 34.6
347 291.8724015116424 34.7
348 291.8659965954151 34.8
349 291.8596017726966 34.9
350 291.8532170511096 35
351 291.846842438481 35.1
352 291.8404779414801 35.2
353 291.8341235672893 35.3
354 291.8277793218199 35.4
355 291.8214452113606 35.5
356 291.8151212409718 35.6
357 291.8088074161346 35.7
358 291.8025037411321 35.8
359 291.7962102206193 35.9
360 291.7899268581303 36
361 291.7836536575272 36.1
362 291.7773906215315 36.2
363 291.7711377532422 36.3
364 291.7648950546364 36.4
365 291.7586625280417 36.5
366 291.7524401746885 36.6
367 291.7462279961561 36.7
368 291.7400259929479 36.8
369 291.7338341659072 36.9
370 291.7276525148241 37
371 291.7214810398211 37.1
372 291.7153197399903 37.2
373 291.7091686147489 37.3
374 291.703027662506 37.4
375 291.696896881993 37.5
376 291.6907762709087 37.6
377 291.6846658273386 37.7
378 291.6785655483956 37.8
379 291.6724754314459 37.9
380 291.6663954729667 38
381 291.6603256697202 38.1
382 291.6542660175608 38.2
383 291.6482165126319 38.3
384 291.6421771496674 38.40000000000001
385 291.6361479242278 38.5
386 291.630128831391 38.6
387 291.624119865812 38.7
388 291.6181210218617 38.8
389 291.6121322936384 38.90000000000001
390 291.6061536749627 39
391 291.6001851593144 39.1
392 291.5942267399967 39.2
393 291.5882784099994 39.3
394 291.5823401620365 39.40000000000001
395 291.5764119885741 39.5
396 291.5704938818014 39.6
397 291.5645858336723 39.7
398 291.558687835892 39.8
399 291.5527998799199 39.90000000000001
400 291.5469219569762 40
401 291.5410540580442 40.1
402 291.5351961738758 40.2
403 291.5293482949941 40.3
404 291.5235104116977 40.40000000000001
405 291.5176825140647 40.5
406 291.5118645919562 40.6
407 291.5060566350204 40.7
408 291.500258632696 40.8
409 291.4944705742219 40.90000000000001
410 291.4886924486189 41
411 291.4829242447358 41.1
412 291.477165951205 41.2
413 291.4714175564692 41.3
414 291.4656790487865 41.40000000000001
415 291.4599504162335 41.5
416 291.4542316467027 41.6
417 291.448522727911 41.7
418 291.4428236474004 41.8
419 291.4371343925495 41.90000000000001
420 291.4314549505614 42
421 291.4257853084758 42.1
422 291.420125453185 42.2
423 291.4144753713995 42.3
424 291.4088350496821 42.40000000000001
425 291.4032044744585 42.5
426 291.397583632003 42.6
427 291.3919725084432 42.7
428 291.3863710897656 42.8
429 291.3807793618191 42.90000000000001
430 291.3751973103165 43
431 291.3696249208271 43.1
432 291.3640621788178 43.2
433 291.3585090696133 43.3
434 291.3529655784133 43.40000000000001
435 291.3474316902983 43.5
436 291.3419073902317 43.6
437 291.3363926630613 43.7
438 291.3308874938351 43.8
439 291.3253918669744 43.90000000000001
440 291.3199057669408 44
441 291.3144291781413 44.1
442 291.3089620848904 44.2
443 291.3035044713922 44.3
444 291.2980563217496 44.40000000000001
445 291.292617619978 44.5
446 291.2871883500057 44.6
447 291.2817684956718 44.7
448 291.2763580407288 44.8
449 291.2709569688444 44.90000000000001
450 291.265565263605 45
451 291.2601829085178 45.1
452 291.2548098870121 45.2
453 291.2494461824419 45.3
454 291.2440917780886 45.40000000000001
455 291.2387466571621 45.5
456 291.2334108028015 45.6
457 291.2280841980868 45.7
458 291.2227668260209 45.8
459 291.2174586695494 45.90000000000001
460 291.2121597115623 46
461 291.2068699348873 46.1
462 291.2015893222939 46.2
463 291.1963178564967 46.3
464 291.1910555201579 46.40000000000001
465 291.1858022958887 46.5
466 291.180558166252 46.6
467 291.1753231137601 46.7
468 291.1700971208792 46.8
469 291.1648801700334 46.90000000000001
470 291.1596722436041 47
471 291.1544733239314 47.1
472 291.1492833933156 47.2
473 291.1441024340198 47.3
474 291.138930428271 47.40000000000001
475 291.1337673582619 47.5
476 291.1286132061517 47.6
477 291.1234679540685 47.7
478 291.1183315841123 47.8
479 291.1132040783529 47.90000000000001
480 291.108085418826 48
481 291.1029755875483 48.1
482 291.0978745665194 48.2
483 291.0927823377078 48.3
484 291.087698883059 48.40000000000001
485 291.0826241844997 48.5
486 291.0775582239377 48.6
487 291.0725009832634 48.7
488 291.0674524443504 48.8
489 291.0624125890569 48.90000000000001
490 291.0573813992265 49
491 291.0523588566901 49.1
492 291.0473449432669 49.2
493 291.0423396407645 49.3
494 291.0373429309818 49.40000000000001
495 291.0323547957085 49.5
496 291.0273752167267 49.6
497 291.0224041758127 49.7
498 291.0174416547364 49.8
499 291.0124876352637 49.90000000000001
500 291.0075420991571 50
501 291.0026050281764 50.1
502 290.9976764040794 50.2
503 290.9927562086241 50.3
504 290.9878444235748 50.40000000000001
505 290.9829410306818 50.5
506 290.978046011708 50.6
507 290.9731593484182 50.7
508 290.9682810225848 50.8
509 290.9634110159653 50.90000000000001
510 290.9585493103306 51
511 290.9536958874832 51.1
512 290.9488507292373 51.2
513 290.9440138173613 51.3
514 290.9391851336596 51.40000000000001
515 290.9343646599469 51.5
516 290.9295523780532 51.6
517 290.924748269816 51.7
518 290.9199523170801 51.8
519 290.9151645017035 51.90000000000001
520 290.9103848055581 52
521 290.9056132105287 52.1
522 290.9008496985139 52.2
523 290.896094251426 52.3
524 290.8913468511929 52.40000000000001
525 290.8866074797581 52.5
526 290.8818761190804 52.6
527 290.8771527511385 52.7
528 290.8724373579247 52.8
529 290.8677299214499 52.90000000000001
530 290.8630304237449 53
531 290.8583388468557 53.1
532 290.8536551728533 53.2
533 290.8489793838245 53.3
534 290.8443114618776 53.40000000000001
535 290.8396513891421 53.5
536 290.8349991477683 53.6
537 290.8303547199286 53.7
538 290.8257180878171 53.8
539 290.8210892336511 53.90000000000001
540 290.8164681396709 54
541 290.8118547881385 54.1
542 290.8072491613397 54.2
543 290.8026512415914 54.3
544 290.7980610112291 54.40000000000001
545 290.793478452612 54.5
546 290.7889035481272 54.6
547 290.7843362801882 54.7
548 290.7797766312333 54.8
549 290.7752245837274 54.90000000000001
550 290.7706801201622 55
551 290.7661432230568 55.1
552 290.7616138749572 55.2
553 290.7570920584379 55.3
554 290.7525777561008 55.40000000000001
555 290.748070950576 55.5
556 290.7435716245229 55.6
557 290.739079760629 55.7
558 290.7345953416115 55.8
559 290.7301183502168 55.90000000000001
560 290.7256487692212 56
561 290.7211865814306 56.1
562 290.7167317696814 56.2
563 290.7122843168401 56.3
564 290.7078442058041 56.40000000000001
565 290.7034114195017 56.5
566 290.6989859408923 56.6
567 290.6945677529664 56.7
568 290.6901568387461 56.8
569 290.6857531812856 56.90000000000001
570 290.6813567636704 57
571 290.6769675690188 57.1
572 290.6725855804808 57.2
573 290.6682107812393 57.3
574 290.6638431545098 57.40000000000001
575 290.6594826835404 57.5
576 290.6551293516125 57.6
577 290.6507831420405 57.7
578 290.6464440381724 57.8
579 290.642112023389 57.90000000000001
580 290.6377870811055 58
581 290.6334691947705 58.1
582 290.6291583478665 58.2
583 290.6248545239101 58.3
584 290.6205577064518 58.40000000000001
585 290.616267879077 58.5
586 290.6119850254051 58.6
587 290.6077091290899 58.7
588 290.60344017382 58.8
589 290.5991781433189 58.90000000000001
590 290.5949230213448 59
591 290.5906747916908 59.1
592 290.5864334381853 59.2
593 290.5821989446915 59.3
594 290.5779712951114 59.40000000000001
595 290.5737504733747 59.5
596 290.5695364634507 59.6
597 290.5653292493454 59.7
598 290.5611288150995 59.8
599 290.5569351447886 59.90000000000001
600 290.5527482225244 60
