"itf1-temp-rfile"
"Time Step" "itf1-temp etc.."
("Time Step" "itf1-temp" "flow-time")
0 303.1499954827131 0
1 290.3516826381599 0.1
2 291.3592817534784 0.2
3 292.0639679611128 0.3
4 292.5698184537341 0.4
5 292.9407861605856 0.5
6 293.2177093444582 0.6000000000000001
7 293.4274477235484 0.7000000000000001
8 293.5881623173772 0.8
9 293.7124351416136 0.9
10 293.8091752214099 1
11 293.8848156053813 1.1
12 293.9440839521152 1.2
13 293.9905098070703 1.3
14 294.0267657434189 1.4
15 294.0549010117793 1.5
16 294.0765047086747 1.6
17 294.0928214183219 1.7
18 294.1048346540207 1.8
19 294.1133277908997 1.9
20 294.1189292392726 2
21 294.1221463086749 2.1
22 294.1233908763097 2.2
23 294.1229990734 2.3
24 294.1212464682528 2.4
25 294.1183599523903 2.5
26 294.1145270103778 2.6
27 294.1099031168231 2.7
28 294.1046176072309 2.8
29 294.0987783537562 2.9
30 294.0924755746619 3
31 294.0857848902834 3.1
32 294.0787698049574 3.2
33 294.0714837424287 3.3
34 294.0639717720101 3.4
35 294.0562719013711 3.5
36 294.0484162633239 3.6
37 294.0404320311327 3.7
38 294.0323422135342 3.8
39 294.0241662959243 3.9
40 294.0159207943613 4
41 294.0076197027666 4.100000000000001
42 293.9992748901438 4.2
43 293.9908964113679 4.3
44 293.9824927752663 4.4
45 293.9740711903356 4.5
46 293.9656377451984 4.600000000000001
47 293.957197577134 4.7
48 293.9487550131178 4.800000000000001
49 293.940313696637 4.9
50 293.9318766753962 5
51 293.9234464972857 5.100000000000001
52 293.9150252812657 5.2
53 293.906614780696 5.300000000000001
54 293.8982164347631 5.4
55 293.8898314163706 5.5
56 293.8814606763528 5.600000000000001
57 293.8731049666545 5.7
58 293.8647648778664 5.800000000000001
59 293.8564408654674 5.9
60 293.8481332597359 6
61 293.8398422992352 6.100000000000001
62 293.8315681311302 6.2
63 293.8233108358688 6.300000000000001
64 293.8150704284074 6.4
65 293.8068468786855 6.5
66 293.7986401127276 6.600000000000001
67 293.7904500203182 6.7
68 293.7822764620456 6.800000000000001
69 293.7741192726881 6.9
70 293.7659782674583 7
71 293.7578532448414 7.100000000000001
72 293.7497439913815 7.2
73 293.7416502760662 7.300000000000001
74 293.7335718609406 7.4
75 293.7255085013533 7.5
76 293.717459946631 7.600000000000001
77 293.7094259353718 7.7
78 293.7014062075228 7.800000000000001
79 293.6934004986218 7.9
80 293.6854085348958 8
81 293.6774300478878 8.1
82 293.6694647631731 8.200000000000001
83 293.6615124069011 8.300000000000001
84 293.653572699826 8.4
85 293.645645367345 8.5
86 293.6377301281915 8.6
87 293.6298267035077 8.700000000000001
88 293.6219348157845 8.800000000000001
89 293.6140541814291 8.9
90 293.6061845208545 9
91 293.5983255520882 9.1
92 293.5904769976686 9.200000000000001
93 293.582638571631 9.300000000000001
94 293.5748099989406 9.4
95 293.5669909976868 9.5
96 293.5591812891661 9.600000000000001
97 293.5513805938855 9.700000000000001
98 293.5435886352901 9.800000000000001
99 293.5358051335068 9.9
100 293.5280298141422 10
101 293.5202624034341 10.1
102 293.5125026281432 10.2
103 293.5047502179627 10.3
104 293.4970049007277 10.4
105 293.4892664107415 10.5
106 293.4815344817468 10.6
107 293.4738088524858 10.7
108 293.4660892621059 10.8
109 293.4583754551055 10.9
110 293.4506671759931 11
111 293.4429641751927 11.1
112 293.4352662047814 11.2
113 293.427573021929 11.3
114 293.4198843881852 11.4
115 293.4122000683651 11.5
116 293.4045198319402 11.6
117 293.3968434555355 11.7
118 293.389170716412 11.8
119 293.3815013991398 11.9
120 293.3738352928844 12
121 293.3661721936789 12.1
122 293.3585119036819 12.2
123 293.3508542281834 12.3
124 293.3431989808434 12.4
125 293.3355459810658 12.5
126 293.3278950549289 12.6
127 293.320246033791 12.7
128 293.3125987567826 12.8
129 293.3049530705639 12.9
130 293.2973088270959 13
131 293.2896658847297 13.1
132 293.2820241110057 13.2
133 293.2743833799537 13.3
134 293.2667435713037 13.4
135 293.2591045724727 13.5
136 293.2514662784394 13.6
137 293.2438285914598 13.7
138 293.236191419483 13.8
139 293.2285546802422 13.9
140 293.2209182948271 14
141 293.2132821955238 14.1
142 293.2056463173105 14.2
143 293.1980106062064 14.3
144 293.190375011664 14.4
145 293.1827394923981 14.5
146 293.1751040112072 14.6
147 293.1674685396878 14.7
148 293.1598330528253 14.8
149 293.1521975358839 14.9
150 293.1445619757029 15
151 293.1369263672505 15.1
152 293.1292907119823 15.2
153 293.1216550162106 15.3
154 293.1140192916471 15.4
155 293.1063835518422 15.5
156 293.0987478210042 15.6
157 293.0911121256152 15.7
158 293.0834764955852 15.8
159 293.0758409688722 15.9
160 293.0682055857684 16
161 293.0605703909575 16.1
162 293.0529354327409 16.2
163 293.0453007649377 16.3
164 293.037666443455 16.4
165 293.0300325279197 16.5
166 293.0223990819832 16.6
167 293.014766171974 16.7
168 293.007133867354 16.8
169 292.9995022407867 16.9
170 292.9918713653492 17
171 292.9842413192392 17.1
172 292.9766121832637 17.2
173 292.9689840388399 17.3
174 292.9613569702653 17.4
175 292.9537310638213 17.5
176 292.946106407482 17.6
177 292.9384830906595 17.7
178 292.9308612050008 17.8
179 292.9232408419739 17.9
180 292.9156220971882 18
181 292.9080050635948 18.1
182 292.9003898368633 18.2
183 292.8927765133926 18.3
184 292.8851651905803 18.4
185 292.8775559673431 18.5
186 292.8699489397005 18.6
187 292.8623442088843 18.7
188 292.8547418724017 18.8
189 292.8471420327598 18.9
190 292.8395447869157 19
191 292.8319502363199 19.1
192 292.8243584783481 19.2
193 292.8167696144265 19.3
194 292.8091837418311 19.4
195 292.8016009618638 19.5
196 292.7940213715666 19.6
197 292.78644507242 19.7
198 292.7788721601078 19.8
199 292.7713027347648 19.9
200 292.7637368924911 20
201 292.7561747292654 20.1
202 292.7486163442387 20.2
203 292.7410618316673 20.3
204 292.7335112858414 20.4
205 292.7259648042002 20.5
206 292.7184224792657 20.6
207 292.7108844034503 20.7
208 292.7033506709698 20.8
209 292.6958213726295 20.9
210 292.6882965993065 21
211 292.6807764415749 21.1
212 292.6732609888642 21.2
213 292.6657503294055 21.3
214 292.6582445507818 21.4
215 292.650743739923 21.5
216 292.643247982502 21.6
217 292.6357573639428 21.7
218 292.6282719680765 21.8
219 292.620791878255 21.9
220 292.6133171769561 22
221 292.6058479458161 22.1
222 292.5983842649418 22.2
223 292.5909262142118 22.3
224 292.5834738723557 22.4
225 292.5760273170227 22.5
226 292.568586625431 22.6
227 292.5611518738153 22.7
228 292.5537231378161 22.8
229 292.5463004910669 22.9
230 292.5388840074905 23
231 292.5314737601121 23.1
232 292.5240698203325 23.2
233 292.5166722588054 23.3
234 292.5092811457884 23.4
235 292.5018965501317 23.5
236 292.4945185401751 23.6
237 292.4871471837824 23.7
238 292.4797825475203 23.8
239 292.4724246972236 23.9
240 292.4650736980711 24
241 292.4577296142475 24.1
242 292.4503925093664 24.2
243 292.4430624466662 24.3
244 292.435739487555 24.4
245 292.4284236927209 24.5
246 292.4211151235194 24.6
247 292.4138138394135 24.7
248 292.4065198993927 24.8
249 292.3992333617427 24.9
250 292.3919542840703 25
251 292.3846827231864 25.1
252 292.3774187350941 25.2
253 292.3701623754349 25.3
254 292.3629136992317 25.4
255 292.3556727603017 25.5
256 292.3484396120496 25.6
257 292.3412143073891 25.7
258 292.3339968984529 25.8
259 292.3267874365273 25.9
260 292.3195859727402 26
261 292.3123925605589 26.1
262 292.3052072485378 26.2
263 292.2980300836686 26.3
264 292.2908611147755 26.4
265 292.2837003896323 26.5
266 292.2765479552214 26.6
267 292.2694038580474 26.7
268 292.262268143932 26.8
269 292.255140858095 26.9
270 292.2480220452239 27
271 292.240911749532 27.1
272 292.2338100146335 27.2
273 292.2267168835598 27.3
274 292.2196323986938 27.4
275 292.2125566016467 27.5
276 292.2054895339367 27.6
277 292.1984312366359 27.7
278 292.1913817501308 27.8
279 292.1843411134327 27.9
280 292.1773093667275 28
281 292.1702865489457 28.1
282 292.1632726971046 28.2
283 292.156267847914 28.3
284 292.1492720404711 28.4
285 292.1422853113715 28.5
286 292.135307695313 28.6
287 292.1283392267945 28.7
288 292.1213799429959 28.8
289 292.1144298778215 28.9
290 292.1074890642406 29
291 292.1005575348499 29.1
292 292.0936353244973 29.2
293 292.0867224651568 29.3
294 292.0798189872112 29.4
295 292.0729249216222 29.5
296 292.0660403009374 29.6
297 292.0591651552538 29.7
298 292.0522995131482 29.8
299 292.0454434032238 29.9
300 292.0385968560174 30
301 292.0317598993871 30.1
302 292.0249325600064 30.2
303 292.0181148644918 30.3
304 292.0113068411328 30.4
305 292.0045085159077 30.5
306 291.9977199134697 30.6
307 291.9909410583684 30.7
308 291.9841719768627 30.8
309 291.9774126929125 30.9
310 291.9706632291542 31
311 291.9639236083457 31.1
312 291.9571938543701 31.2
313 291.950473989263 31.3
314 291.9437640338429 31.4
315 291.9370640086478 31.5
316 291.9303739355935 31.6
317 291.9236938343175 31.7
318 291.9170237246234 31.8
319 291.9103636250496 31.9
320 291.9037135548633 32
321 291.8970735317021 32.1
322 291.8904435736651 32.2
323 291.8838236974441 32.3
324 291.8772139202152 32.4
325 291.8706142576751 32.5
326 291.864024726008 32.6
327 291.8574453400093 32.7
328 291.8508761148647 32.8
329 291.8443170644887 32.9
330 291.8377682030862 33
331 291.8312295435953 33.1
332 291.8247010993201 33.2
333 291.818182882286 33.3
334 291.8116749048284 33.4
335 291.8051771780471 33.5
336 291.798689713354 33.6
337 291.7922125209627 33.7
338 291.7857456113802 33.8
339 291.7792889939112 33.9
340 291.7728426781499 34
341 291.7664066725113 34.1
342 291.759980985711 34.2
343 291.7535656252917 34.3
344 291.7471605990825 34.4
345 291.740765913809 34.5
346 291.7343815763739 34.6
347 291.7280075928807 34.7
348 291.7216439685494 34.8
349 291.7152907094385 34.9
350 291.7089478201704 35
351 291.7026153054834 35.1
352 291.6962931690688 35.2
353 291.6899814150413 35.3
354 291.6836800463551 35.4
355 291.6773890662561 35.5
356 291.6711084768726 35.6
357 291.6648382806695 35.7
358 291.658578479024 35.8
359 291.652329073603 35.9
360 291.6460900650637 36
361 291.6398614543118 36.1
362 291.6336432412198 36.2
363 291.627435425963 36.3
364 291.6212380077004 36.4
365 291.6150509858697 36.5
366 291.6088743589161 36.6
367 291.6027081255642 36.7
368 291.5965522835658 36.8
369 291.5904068309457 36.9
370 291.5842717647776 37
371 291.5781470824034 37.1
372 291.5720327802345 37.2
373 291.5659288549454 37.3
374 291.5598353023018 37.4
375 291.5537521183325 37.5
376 291.5476792981281 37.6
377 291.5416168371127 37.7
378 291.5355647298351 37.8
379 291.5295229710342 37.9
380 291.5234915546646 38
381 291.5174704749023 38.1
382 291.5114597251161 38.2
383 291.5054592989123 38.3
384 291.4994691885918 38.40000000000001
385 291.4934893872548 38.5
386 291.4875198875124 38.6
387 291.4815606815882 38.7
388 291.47561176145 38.8
389 291.4696731188158 38.90000000000001
390 291.4637447451473 39
391 291.4578266315882 39.1
392 291.4519187691236 39.2
393 291.4460211484472 39.3
394 291.4401337599985 39.40000000000001
395 291.4342565939907 39.5
396 291.4283896403806 39.6
397 291.4225328889116 39.7
398 291.4166863290973 39.8
399 291.4108499502281 39.90000000000001
400 291.4050237413747 40
401 291.399207691393 40.1
402 291.3934017889268 40.2
403 291.3876060224127 40.3
404 291.3818203800832 40.40000000000001
405 291.3760448499709 40.5
406 291.3702794199117 40.6
407 291.3645240775488 40.7
408 291.3587788103366 40.8
409 291.3530436055508 40.90000000000001
410 291.3473184502677 41
411 291.3416033314108 41.1
412 291.3358982357079 41.2
413 291.3302031497179 41.3
414 291.324518059834 41.40000000000001
415 291.3188429522876 41.5
416 291.3131778131458 41.6
417 291.3075226283186 41.7
418 291.3018773835613 41.8
419 291.2962420644831 41.90000000000001
420 291.2906166565392 42
421 291.2850011450387 42.1
422 291.2793955151626 42.2
423 291.2737997519261 42.3
424 291.2682138402211 42.40000000000001
425 291.2626377648158 42.5
426 291.2570715103463 42.6
427 291.2515150613202 42.7
428 291.2459684021217 42.8
429 291.2404315170147 42.90000000000001
430 291.2349043901457 43
431 291.2293870055348 43.1
432 291.2238793471161 43.2
433 291.2183813986987 43.3
434 291.2128931439843 43.40000000000001
435 291.2074145665723 43.5
436 291.2019456499614 43.6
437 291.1964863775515 43.7
438 291.1910367329463 43.8
439 291.1855966991444 43.90000000000001
440 291.1801662592225 44
441 291.1747453962088 44.1
442 291.1693340930508 44.2
443 291.1639323326013 44.3
444 291.1585400976273 44.40000000000001
445 291.1531573708225 44.5
446 291.147784134809 44.6
447 291.1424203721352 44.7
448 291.1370660652768 44.8
449 291.1317211966399 44.90000000000001
450 291.1263857485642 45
451 291.1210597033239 45.1
452 291.11574304313 45.2
453 291.1104357501326 45.3
454 291.1051378064223 45.40000000000001
455 291.0998491940327 45.5
456 291.094569894939 45.6
457 291.0892998910743 45.7
458 291.0840391643045 45.8
459 291.078787696453 45.90000000000001
460 291.0735454692999 46
461 291.0683124645766 46.1
462 291.0630886639688 46.2
463 291.0578740491201 46.3
464 291.0526686016339 46.40000000000001
465 291.0474723030753 46.5
466 291.0422851349737 46.6
467 291.0371070788195 46.7
468 291.0319381160689 46.8
469 291.0267782281482 46.90000000000001
470 291.0216273964526 47
471 291.0164856023476 47.1
472 291.0113528271705 47.2
473 291.0062290522322 47.3
474 291.0011142588194 47.40000000000001
475 290.9960084281948 47.5
476 290.9909115415995 47.6
477 290.9858235802536 47.7
478 290.9807445253597 47.8
479 290.9756743581015 47.90000000000001
480 290.9706130596383 48
481 290.9655606111211 48.1
482 290.9605169936941 48.2
483 290.9554821884798 48.3
484 290.9504561765887 48.40000000000001
485 290.9454389391214 48.5
486 290.9404304571701 48.6
487 290.9354307118188 48.7
488 290.9304396841443 48.8
489 290.9254573552173 48.90000000000001
490 290.9204837061036 49
491 290.9155187178652 49.1
492 290.9105623715608 49.2
493 290.9056146482483 49.3
494 290.9006755289838 49.40000000000001
495 290.8957449948242 49.5
496 290.890823026827 49.6
497 290.885909606052 49.7
498 290.8810047135623 49.8
499 290.8761083304243 49.90000000000001
500 290.8712204377097 50
501 290.8663410164952 50.1
502 290.8614700478646 50.2
503 290.8566075129087 50.3
504 290.8517533927338 50.40000000000001
505 290.8469076684382 50.5
506 290.8420703211417 50.6
507 290.8372413319734 50.7
508 290.8324206820781 50.8
509 290.8276083525908 50.90000000000001
510 290.8228043246708 51
511 290.8180085795145 51.1
512 290.8132210983362 51.2
513 290.808441862312 51.3
514 290.8036708526629 51.40000000000001
515 290.7989080506244 51.5
516 290.7941534374559 51.6
517 290.7894069944302 51.7
518 290.7846687028346 51.8
519 290.7799385439764 51.90000000000001
520 290.7752164991823 52
521 290.7705025497997 52.1
522 290.765796677195 52.2
523 290.7610988627556 52.3
524 290.7564090878898 52.40000000000001
525 290.7517273340283 52.5
526 290.7470535826233 52.6
527 290.742387815152 52.7
528 290.7377300131122 52.8
529 290.7330801580256 52.90000000000001
530 290.7284382314398 53
531 290.7238042149235 53.1
532 290.7191780900757 53.2
533 290.7145598385168 53.3
534 290.7099494418949 53.40000000000001
535 290.7053468818839 53.5
536 290.7007521401847 53.6
537 290.6961651985253 53.7
538 290.6915860386603 53.8
539 290.687014642374 53.90000000000001
540 290.6824509914773 54
541 290.6778950678092 54.1
542 290.6733468532363 54.2
543 290.6688063296631 54.3
544 290.6642734790161 54.40000000000001
545 290.659748283251 54.5
546 290.6552307243562 54.6
547 290.6507207843511 54.7
548 290.6462184452848 54.8
549 290.6417236892378 54.90000000000001
550 290.6372364983214 55
551 290.6327568546798 55.1
552 290.6282847404883 55.2
553 290.6238201379546 55.3
554 290.6193630293187 55.40000000000001
555 290.6149133968535 55.5
556 290.6104712228649 55.6
557 290.6060364896915 55.7
558 290.6016091797059 55.8
559 290.5971892753137 55.90000000000001
560 290.592776758955 56
561 290.5883716131032 56.1
562 290.5839738202666 56.2
563 290.5795833629876 56.3
564 290.575200223843 56.40000000000001
565 290.5708243854448 56.5
566 290.5664558304397 56.6
567 290.5620945415097 56.7
568 290.5577405013721 56.8
569 290.5533936927797 56.90000000000001
570 290.5490540985209 57
571 290.5447217014196 57.1
572 290.5403964843362 57.2
573 290.5360784301668 57.3
574 290.5317675218438 57.40000000000001
575 290.527463742336 57.5
576 290.5231670746485 57.6
577 290.5188775018233 57.7
578 290.5145950069386 57.8
579 290.5103195731104 57.90000000000001
580 290.5060511834904 58
581 290.5017898212683 58.1
582 290.4975354696705 58.2
583 290.4932881119609 58.3
584 290.4890477314406 58.40000000000001
585 290.4848143114481 58.5
586 290.4805878353596 58.6
587 290.4763682865888 58.7
588 290.4721556485871 58.8
589 290.4679499048435 58.90000000000001
590 290.4637510388853 59
591 290.4595590342773 59.1
592 290.4553738746224 59.2
593 290.4511955435616 59.3
594 290.447024024777 59.40000000000001
595 290.4428593019818 59.5
596 290.4387013589313 59.6
597 290.4345501794202 59.7
598 290.4304057472809 59.8
599 290.4262680463832 59.90000000000001
600 290.4221370606357 60
