"lf-time"
"Time Step" "lf etc.."
("Time Step" "lf" "flow-time")
0 0.5000000000000009 0
1 0.5000001557150248 0.01
2 0.5000003130542189 0.02
3 0.5000004719878942 0.03
4 0.5000006324823495 0.04
5 0.5000007945047744 0.05
6 0.5000009580232223 0.06
7 0.5000011230065852 0.07000000000000001
8 0.500001289424569 0.08
9 0.5000014572476691 0.09
10 0.5000016264471483 0.1
11 0.5000017969950129 0.11
12 0.5000019688639923 0.12
13 0.5000021420275174 0.13
14 0.5000023164596997 0.14
15 0.5000024921353128 0.15
16 0.5000026690297718 0.16
17 0.5000028471191158 0.17
18 0.5000030263799897 0.18
19 0.5000032067896268 0.19
20 0.5000033883258317 0.2
21 0.5000035709669641 0.21
22 0.500003754691923 0.22
23 0.5000039394801317 0.23
24 0.5000041253115219 0.24
25 0.5000043121665209 0.25
26 0.5000045000260357 0.26
27 0.5000046888714412 0.27
28 0.5000048786845658 0.28
29 0.5000050694476798 0.29
30 0.5000052611434816 0.3
31 0.5000054537550878 0.31
32 0.5000056472660189 0.32
33 0.5000058416601908 0.33
34 0.5000060369219022 0.34
35 0.5000062330358243 0.35
36 0.5000064299869907 0.36
37 0.500006627760788 0.37
38 0.5000068263429449 0.38
39 0.5000070257195239 0.39
40 0.5000072258769118 0.4
41 0.5000074268018109 0.41
42 0.5000076284812306 0.42
43 0.5000078309024789 0.43
44 0.5000080340531545 0.44
45 0.5000082379211391 0.45
46 0.5000084424945894 0.46
47 0.5000086477619301 0.47
48 0.5000088537118469 0.48
49 0.5000090603332792 0.49
50 0.5000092676154135 0.5
51 0.5000094755476771 0.51
52 0.5000096841197311 0.52
53 0.5000098933214654 0.53
54 0.5000101031429915 0.54
55 0.5000103135746378 0.55
56 0.5000105246069426 0.5600000000000001
57 0.5000107362306502 0.5700000000000001
58 0.5000109484367045 0.58
59 0.5000111612162442 0.59
60 0.5000113745605981 0.6
61 0.5000115884612794 0.61
62 0.5000118029099816 0.62
63 0.5000120178985743 0.63
64 0.5000122334190976 0.64
65 0.5000124494637587 0.65
66 0.5000126660249273 0.66
67 0.5000128830951317 0.67
68 0.5000131006670545 0.68
69 0.5000133187335293 0.6900000000000001
70 0.5000135372875362 0.7000000000000001
71 0.5000137563221988 0.71
72 0.5000139758307802 0.72
73 0.5000141958066801 0.73
74 0.5000144162434307 0.74
75 0.500014637134694 0.75
76 0.5000148584742585 0.76
77 0.500015080256036 0.77
78 0.5000153024740587 0.78
79 0.5000155251224765 0.79
80 0.5000157481955533 0.8
81 0.5000159716876655 0.8100000000000001
82 0.5000161955932985 0.8200000000000001
83 0.5000164199070442 0.8300000000000001
84 0.5000166446235984 0.84
85 0.5000168697377589 0.85
86 0.5000170952444223 0.86
87 0.5000173211385822 0.87
88 0.5000175474153267 0.88
89 0.5000177740698362 0.89
90 0.5000180010973813 0.9
91 0.5000182284933207 0.91
92 0.5000184562530992 0.92
93 0.5000186843722457 0.93
94 0.5000189128463708 0.9400000000000001
95 0.5000191416711661 0.9500000000000001
96 0.5000193708424009 0.96
97 0.5000196003559215 0.97
98 0.500019830207649 0.98
99 0.5000200603935774 0.99
100 0.5000202909097727 1
101 0.5000205217523707 1.01
102 0.5000207529175753 1.02
103 0.5000209844016575 1.03
104 0.5000212162009536 1.04
105 0.5000214483118637 1.05
106 0.5000216807308505 1.06
107 0.5000219134544378 1.07
108 0.5000221464792093 1.08
109 0.5000223798018069 1.09
110 0.50002261341893 1.1
111 0.5000228473273336 1.11
112 0.500023081523828 1.12
113 0.5000233160052766 1.13
114 0.5000235507685955 1.14
115 0.5000237858107519 1.15
116 0.5000240211287634 1.16
117 0.5000242567196969 1.17
118 0.5000244925806669 1.18
119 0.5000247287088356 1.19
120 0.5000249651014109 1.2
121 0.5000252017556461 1.21
122 0.5000254386688386 1.22
123 0.500025675838329 1.23
124 0.5000259132615008 1.24
125 0.5000261509357782 1.25
126 0.5000263888586269 1.26
127 0.500026627027552 1.27
128 0.5000268654400976 1.28
129 0.5000271040938464 1.29
130 0.5000273429864183 1.3
131 0.5000275821154698 1.31
132 0.500027821478694 1.32
133 0.5000280610738186 1.33
134 0.5000283008986061 1.34
135 0.5000285409508529 1.35
136 0.5000287812283888 1.36
137 0.5000290217290757 1.37
138 0.5000292624508078 1.38
139 0.5000295033915108 1.39
140 0.5000297445491404 1.4
141 0.500029985921683 1.41
142 0.5000302275071541 1.42
143 0.5000304693035986 1.43
144 0.5000307113090895 1.44
145 0.5000309535217276 1.45
146 0.5000311959396412 1.46
147 0.5000314385609853 1.47
148 0.5000316813839413 1.48
149 0.5000319244067163 1.49
150 0.5000321676275429 1.5
151 0.5000324110446782 1.51
152 0.500032654656404 1.52
153 0.5000328984610261 1.53
154 0.5000331424568735 1.54
155 0.5000333866422985 1.55
156 0.5000336310156759 1.56
157 0.5000338755754027 1.57
158 0.5000341203198982 1.58
159 0.5000343652476026 1.59
160 0.500034610356977 1.6
161 0.500034855646504 1.61
162 0.5000351011146855 1.62
163 0.5000353467600444 1.63
164 0.5000355925811221 1.64
165 0.5000358385764799 1.65
166 0.5000360847446981 1.66
167 0.5000363310843751 1.67
168 0.5000365775941278 1.68
169 0.5000368242725912 1.69
170 0.5000370711184176 1.7
171 0.5000373181302766 1.71
172 0.5000375653068552 1.72
173 0.5000378126468569 1.73
174 0.5000380601490015 1.74
175 0.5000383078120252 1.75
176 0.5000385556346798 1.76
177 0.5000388036157332 1.77
178 0.500039051753968 1.78
179 0.5000393000481826 1.79
180 0.5000395484971898 1.8
181 0.5000397970998169 1.81
182 0.5000400458549061 1.82
183 0.5000402947613131 1.83
184 0.500040543817908 1.84
185 0.5000407930235742 1.85
186 0.5000410423772087 1.86
187 0.5000412918777217 1.87
188 0.5000415415240366 1.88
189 0.5000417913150892 1.89
190 0.5000420412498281 1.9
191 0.5000422913272144 1.91
192 0.5000425415462213 1.92
193 0.5000427919058339 1.93
194 0.5000430424050494 1.94
195 0.5000432930428761 1.95
196 0.5000435438183344 1.96
197 0.5000437947304555 1.97
198 0.5000440457782817 1.98
199 0.5000442969608665 1.99
200 0.500044548277274 2
201 0.5000447997265789 2.01
202 0.500045051307866 2.02
203 0.500045303020231 2.03
204 0.500045554862779 2.04
205 0.5000458068346257 2.05
206 0.5000460589348963 2.06
207 0.5000463111627255 2.07
208 0.5000465635172574 2.08
209 0.5000468159976462 2.09
210 0.5000470686030547 2.1
211 0.5000473213326549 2.11
212 0.5000475741856277 2.12
213 0.500047827161163 2.13
214 0.5000480802584591 2.14
215 0.5000483334767234 2.15
216 0.5000485868151712 2.16
217 0.5000488402730264 2.17
218 0.5000490938495209 2.18
219 0.500049347543895 2.19
220 0.5000496013553963 2.2
221 0.5000498552832813 2.21
222 0.5000501093268133 2.22
223 0.5000503634852635 2.23
224 0.5000506177579109 2.24
225 0.5000508721440415 2.25
226 0.5000511266429492 2.26
227 0.5000513812539342 2.27
228 0.5000516359763045 2.28
229 0.5000518908093751 2.29
230 0.5000521457524676 2.3
231 0.5000524008049104 2.31
232 0.5000526559660389 2.32
233 0.5000529112351951 2.33
234 0.5000531666117273 2.34
235 0.5000534220949904 2.35
236 0.5000536776843456 2.36
237 0.5000539333791603 2.37
238 0.5000541891788085 2.38
239 0.5000544450826697 2.39
240 0.5000547010901299 2.4
241 0.5000549572005809 2.41
242 0.5000552134134203 2.42
243 0.5000554697280514 2.43
244 0.5000557261438834 2.44
245 0.5000559826603311 2.45
246 0.500056239276815 2.46
247 0.5000564959927607 2.47
248 0.5000567528075993 2.48
249 0.5000570097207678 2.49
250 0.5000572667317078 2.5
251 0.5000575238398663 2.51
252 0.5000577810446959 2.52
253 0.5000580383456535 2.53
254 0.5000582957422015 2.54
255 0.5000585532338072 2.55
256 0.5000588108199429 2.56
257 0.5000590685000852 2.57
258 0.5000593262737162 2.58
259 0.5000595841403221 2.59
260 0.500059842099394 2.6
261 0.5000601001504278 2.61
262 0.5000603582929234 2.62
263 0.5000606165263856 2.63
264 0.5000608748503235 2.64
265 0.5000611332642504 2.65
266 0.5000613917676843 2.66
267 0.500061650360147 2.67
268 0.5000619090411648 2.68
269 0.5000621678102681 2.69
270 0.5000624266669915 2.7
271 0.5000626856108735 2.71
272 0.5000629446414564 2.72
273 0.5000632037582869 2.73
274 0.5000634629609155 2.74
275 0.5000637222488964 2.75
276 0.5000639816217874 2.76
277 0.5000642410791509 2.77
278 0.5000645006205522 2.78
279 0.5000647602455606 2.79
280 0.500065019953749 2.8
281 0.5000652797446939 2.81
282 0.5000655396179756 2.82
283 0.5000657995731774 2.83
284 0.5000660596098866 2.84
285 0.5000663197276937 2.85
286 0.5000665799261925 2.86
287 0.5000668402049802 2.87
288 0.5000671005636577 2.88
289 0.5000673610018284 2.89
290 0.5000676215190996 2.9
291 0.5000678821150817 2.91
292 0.5000681427893882 2.92
293 0.5000684035416354 2.93
294 0.5000686643714434 2.94
295 0.5000689252784348 2.95
296 0.5000691862622354 2.96
297 0.5000694473224738 2.97
298 0.5000697084587822 2.98
299 0.5000699696707951 2.99
300 0.5000702309581498 3
301 0.5000704923204873 3.01
302 0.5000707537574504 3.02
303 0.5000710152686855 3.03
304 0.5000712768538413 3.04
305 0.5000715385125696 3.05
306 0.5000718002445246 3.06
307 0.5000720620493632 3.07
308 0.5000723239267453 3.08
309 0.5000725858763331 3.09
310 0.5000728478977914 3.1
311 0.5000731099907878 3.11
312 0.5000733721549923 3.12
313 0.5000736343900773 3.13
314 0.5000738966957179 3.14
315 0.5000741590715916 3.15
316 0.5000744215173782 3.16
317 0.5000746840327603 3.17
318 0.5000749466174224 3.18
319 0.5000752092710514 3.19
320 0.5000754719933371 3.2
321 0.500075734783971 3.21
322 0.5000759976426472 3.22
323 0.500076260569062 3.23
324 0.5000765235629138 3.24
325 0.5000767866239034 3.25
326 0.5000770497517339 3.26
327 0.5000773129461101 3.27
328 0.5000775762067396 3.28
329 0.5000778395333316 3.29
330 0.5000781029255977 3.3
331 0.5000783663832515 3.31
332 0.5000786299060087 3.32
333 0.5000788934935868 3.33
334 0.5000791571457057 3.34
335 0.5000794208620872 3.35
336 0.5000796846424549 3.36
337 0.5000799484865345 3.37
338 0.5000802123940538 3.38
339 0.5000804763647422 3.39
340 0.5000807403983312 3.4
341 0.5000810044945542 3.41
342 0.5000812686531465 3.42
343 0.5000815328738449 3.43
344 0.5000817971563888 3.44
345 0.5000820615005186 3.45
346 0.5000823259059769 3.46
347 0.5000825903725081 3.47
348 0.5000828548998583 3.48
349 0.5000831194877752 3.49
350 0.5000833841360084 3.5
351 0.5000836488443092 3.51
352 0.5000839136124308 3.52
353 0.5000841784401275 3.53
354 0.5000844433271558 3.54
355 0.5000847082732738 3.55
356 0.500084973278241 3.56
357 0.5000852383418185 3.57
358 0.5000855034637695 3.58
359 0.500085768643858 3.59
360 0.5000860338818502 3.6
361 0.5000862991775139 3.61
362 0.5000865645306178 3.62
363 0.5000868299409328 3.63
364 0.5000870954082309 3.64
365 0.500087360932286 3.65
366 0.5000876265128731 3.66
367 0.5000878921497688 3.67
368 0.5000881578427512 3.68
369 0.5000884235915998 3.69
370 0.5000886893960957 3.7
371 0.5000889552560214 3.71
372 0.5000892211711604 3.72
373 0.5000894871412981 3.73
374 0.500089753166221 3.74
375 0.5000900192457172 3.75
376 0.5000902853795759 3.76
377 0.5000905515675877 3.77
378 0.5000908178095449 3.78
379 0.5000910841052406 3.79
380 0.5000913504544695 3.8
381 0.5000916168570275 3.81
382 0.5000918833127118 3.82
383 0.5000921498213212 3.83
384 0.5000924163826552 3.84
385 0.5000926829965148 3.85
386 0.5000929496627025 3.86
387 0.5000932163810216 3.87
388 0.500093483151277 3.88
389 0.5000937499732745 3.89
390 0.5000940168468214 3.9
391 0.500094283771726 3.91
392 0.5000945507477979 3.92
393 0.5000948177748474 3.93
394 0.5000950848526869 3.94
395 0.5000953519811291 3.95
396 0.5000956191599882 3.96
397 0.5000958863890795 3.97
398 0.5000961536682195 3.98
399 0.5000964209972255 3.99
400 0.5000966883759163 4
401 0.5000969558041115 4.01
402 0.500097223281632 4.02
403 0.5000974908082996 4.03
404 0.5000977583839373 4.04
405 0.5000980260083691 4.05
406 0.5000982936814199 4.06
407 0.5000985614029161 4.07
408 0.5000988291726846 4.08
409 0.5000990969905534 4.09
410 0.500099364856352 4.1
411 0.5000996327699103 4.11
412 0.5000999007310597 4.12
413 0.500100168739632 4.13
414 0.5001004367954608 4.14
415 0.5001007048983799 4.15
416 0.5001009730482244 4.16
417 0.5001012412448304 4.17
418 0.5001015094880349 4.18
419 0.5001017777776756 4.19
420 0.5001020461135919 4.2
421 0.500102314495623 4.21
422 0.50010258292361 4.22
423 0.5001028513973943 4.23
424 0.5001031199168186 4.24
425 0.5001033884817261 4.25
426 0.5001036570919614 4.26
427 0.5001039257473694 4.27
428 0.5001041944477964 4.28
429 0.5001044631930893 4.29
430 0.5001047319830961 4.3
431 0.5001050008176651 4.31
432 0.500105269696646 4.32
433 0.5001055386198893 4.33
434 0.5001058075872459 4.34
435 0.500106076598568 4.350000000000001
436 0.5001063456537086 4.36
437 0.5001066147525211 4.37
438 0.5001068838948601 4.38
439 0.500107153080581 4.39
440 0.5001074223095396 4.4
441 0.5001076915815931 4.41
442 0.500107960896599 4.42
443 0.5001082302544158 4.43
444 0.5001084996549024 4.44
445 0.5001087690979195 4.45
446 0.5001090385833271 4.46
447 0.5001093081109871 4.47
448 0.5001095776807618 4.48
449 0.5001098472925141 4.49
450 0.5001101169461075 4.5
451 0.5001103866414068 4.51
452 0.5001106563782772 4.52
453 0.5001109261565845 4.53
454 0.5001111959761954 4.54
455 0.5001114658369772 4.55
456 0.500111735738798 4.56
457 0.5001120056815267 4.57
458 0.5001122756650325 4.58
459 0.5001125456891857 4.59
460 0.5001128157538571 4.600000000000001
461 0.5001130858589184 4.61
462 0.5001133560042417 4.62
463 0.5001136261896998 4.63
464 0.5001138964151662 4.64
465 0.5001141666805151 4.65
466 0.5001144369856215 4.66
467 0.5001147073303609 4.67
468 0.5001149777146094 4.68
469 0.5001152481382437 4.69
470 0.5001155186011413 4.7
471 0.5001157891031804 4.71
472 0.5001160596442397 4.72
473 0.5001163302241981 4.73
474 0.5001166008429361 4.74
475 0.5001168715003339 4.75
476 0.5001171421962728 4.76
477 0.5001174129306346 4.77
478 0.5001176837033016 4.78
479 0.5001179545141567 4.79
480 0.5001182253630837 4.8
481 0.5001184962499665 4.81
482 0.5001187671746901 4.82
483 0.5001190381371396 4.83
484 0.500119309137201 4.84
485 0.5001195801747608 4.850000000000001
486 0.500119851249706 4.86
487 0.5001201223619244 4.87
488 0.5001203935113038 4.88
489 0.5001206646977331 4.89
490 0.5001209359211016 4.9
491 0.5001212071812992 4.91
492 0.5001214784782162 4.92
493 0.5001217498117435 4.93
494 0.5001220211817725 4.94
495 0.5001222925881954 4.95
496 0.5001225640309045 4.96
497 0.500122835509793 4.97
498 0.5001231070247543 4.98
499 0.5001233785756827 4.99
500 0.5001236501624726 5
501 0.5001239217850193 5.01
502 0.5001241934432183 5.02
503 0.5001244651369658 5.03
504 0.5001247368661585 5.04
505 0.5001250086306935 5.05
506 0.5001252804304682 5.06
507 0.5001255522653811 5.07
508 0.5001258241353307 5.08
509 0.5001260960402159 5.09
510 0.5001263679799365 5.100000000000001
511 0.5001266399543924 5.11
512 0.5001269119634844 5.12
513 0.5001271840071132 5.13
514 0.5001274560851804 5.14
515 0.5001277281975881 5.15
516 0.5001280003442384 5.16
517 0.5001282725250347 5.17
518 0.5001285447398798 5.18
519 0.5001288169886776 5.19
520 0.5001290892713326 5.2
521 0.5001293615877492 5.21
522 0.5001296339378326 5.22
523 0.5001299063214886 5.23
524 0.500130178738623 5.24
525 0.5001304511891421 5.25
526 0.5001307236729532 5.26
527 0.5001309961899632 5.27
528 0.5001312687400801 5.28
529 0.500131541323212 5.29
530 0.5001318139392675 5.3
531 0.5001320865881557 5.31
532 0.5001323592697861 5.32
533 0.5001326319840681 5.33
534 0.5001329047309124 5.34
535 0.5001331775102296 5.350000000000001
536 0.5001334503219306 5.36
537 0.5001337231659271 5.37
538 0.5001339960421308 5.38
539 0.5001342689504542 5.39
540 0.5001345418908097 5.4
541 0.5001348148631106 5.41
542 0.5001350878672703 5.42
543 0.5001353609032028 5.43
544 0.5001356339708219 5.44
545 0.5001359070700429 5.45
546 0.5001361802007802 5.46
547 0.5001364533629494 5.47
548 0.5001367265564665 5.48
549 0.5001369997812473 5.49
550 0.5001372730372085 5.5
551 0.5001375463242669 5.51
552 0.5001378196423397 5.52
553 0.5001380929913449 5.53
554 0.5001383663712001 5.54
555 0.5001386397818237 5.55
556 0.5001389132231345 5.56
557 0.5001391866950514 5.57
558 0.5001394601974942 5.58
559 0.5001397337303822 5.59
560 0.5001400072936358 5.600000000000001
561 0.5001402808871754 5.61
562 0.5001405545109218 5.62
563 0.5001408281647962 5.63
564 0.5001411018487201 5.64
565 0.5001413755626153 5.65
566 0.5001416493064038 5.66
567 0.5001419230800084 5.67
568 0.5001421968833519 5.68
569 0.5001424707163574 5.69
570 0.5001427445789486 5.7
571 0.500143018471049 5.71
572 0.500143292392583 5.72
573 0.500143566343475 5.73
574 0.5001438403236498 5.74
575 0.5001441143330326 5.75
576 0.5001443883715488 5.76
577 0.5001446624391243 5.77
578 0.5001449365356849 5.78
579 0.5001452106611572 5.79
580 0.5001454848154679 5.8
581 0.500145758998544 5.81
582 0.5001460332103126 5.82
583 0.5001463074507015 5.83
584 0.5001465817196388 5.84
585 0.5001468560170524 5.850000000000001
586 0.5001471303428709 5.86
587 0.5001474046970235 5.87
588 0.5001476790794388 5.88
589 0.5001479534900464 5.89
590 0.5001482279287761 5.9
591 0.500148502395558 5.91
592 0.5001487768903221 5.92
593 0.5001490514129991 5.93
594 0.50014932596352 5.94
595 0.5001496005418158 5.95
596 0.5001498751478178 5.96
597 0.5001501497814581 5.97
598 0.5001504244426683 5.98
599 0.500150699131381 5.99
600 0.5001509738475286 6
601 0.5001512485910439 6.01
602 0.50015152336186 6.02
603 0.5001517981599102 6.03
604 0.5001520729851283 6.04
605 0.5001523478374482 6.05
606 0.5001526227168039 6.06
607 0.50015289762313 6.07
608 0.5001531725563612 6.08
609 0.5001534475164323 6.09
610 0.5001537225032787 6.100000000000001
611 0.5001539975168359 6.11
612 0.5001542725570396 6.12
613 0.5001545476238257 6.13
614 0.5001548227171305 6.140000000000001
615 0.5001550978368907 6.15
616 0.5001553729830429 6.16
617 0.5001556481555242 6.17
618 0.5001559233542718 6.18
619 0.5001561985792232 6.19
620 0.5001564738303164 6.2
621 0.5001567491074889 6.21
622 0.5001570244106794 6.22
623 0.5001572997398263 6.23
624 0.5001575750948682 6.24
625 0.5001578504757442 6.25
626 0.5001581258823936 6.26
627 0.5001584013147558 6.27
628 0.5001586767727703 6.28
629 0.5001589522563773 6.29
630 0.5001592277655167 6.3
631 0.500159503300129 6.31
632 0.5001597788601549 6.32
633 0.5001600544455354 6.33
634 0.5001603300562112 6.34
635 0.5001606056921238 6.350000000000001
636 0.5001608813532148 6.36
637 0.5001611570394259 6.37
638 0.5001614327506991 6.38
639 0.5001617084869766 6.390000000000001
640 0.5001619842482009 6.4
641 0.5001622600343144 6.41
642 0.5001625358452604 6.42
643 0.5001628116809816 6.43
644 0.5001630875414216 6.44
645 0.5001633634265236 6.45
646 0.5001636393362316 6.46
647 0.5001639152704894 6.47
648 0.5001641912292413 6.48
649 0.5001644672124316 6.49
650 0.5001647432200048 6.5
651 0.5001650192519059 6.51
652 0.5001652953080797 6.52
653 0.5001655713884716 6.53
654 0.5001658474930267 6.54
655 0.5001661236216909 6.55
656 0.50016639977441 6.56
657 0.50016667595113 6.57
658 0.5001669521517969 6.58
659 0.5001672283763574 6.59
660 0.500167504624758 6.600000000000001
661 0.5001677808969457 6.61
662 0.5001680571928673 6.62
663 0.5001683335124699 6.63
664 0.5001686098557013 6.640000000000001
665 0.500168886222509 6.65
666 0.5001691626128405 6.66
667 0.5001694390266441 6.67
668 0.5001697154638679 6.68
669 0.5001699919244602 6.69
670 0.5001702684083696 6.7
671 0.5001705449155449 6.71
672 0.5001708214459351 6.72
673 0.500171097999489 6.73
674 0.5001713745761563 6.74
675 0.5001716511758864 6.75
676 0.5001719277986287 6.76
677 0.5001722044443333 6.77
678 0.5001724811129502 6.78
679 0.5001727578044298 6.79
680 0.5001730345187222 6.8
681 0.5001733112557781 6.81
682 0.5001735880155483 6.82
683 0.5001738647979838 6.83
684 0.5001741416030355 6.84
685 0.5001744184306548 6.850000000000001
686 0.5001746952807933 6.86
687 0.5001749721534025 6.87
688 0.500175249048434 6.88
689 0.5001755259658401 6.890000000000001
690 0.500175802905573 6.9
691 0.5001760798675846 6.91
692 0.5001763568518279 6.92
693 0.5001766338582551 6.93
694 0.5001769108868195 6.94
695 0.5001771879374736 6.95
696 0.5001774650101709 6.96
697 0.5001777421048648 6.97
698 0.5001780192215084 6.98
699 0.5001782963600555 6.99
700 0.5001785735204601 7
701 0.5001788507026761 7.01
702 0.5001791279066576 7.02
703 0.5001794051323588 7.03
704 0.5001796823797343 7.04
705 0.5001799596487387 7.05
706 0.5001802369393268 7.06
707 0.5001805142514534 7.07
708 0.5001807915850738 7.08
709 0.500181068940143 7.09
710 0.5001813463166166 7.100000000000001
711 0.50018162371445 7.11
712 0.5001819011335989 7.12
713 0.5001821785740195 7.13
714 0.5001824560356674 7.140000000000001
715 0.500182733518499 7.15
716 0.5001830110224704 7.16
717 0.5001832885475384 7.17
718 0.5001835660936592 7.18
719 0.5001838436607899 7.19
720 0.5001841212488873 7.2
721 0.5001843988579084 7.21
722 0.5001846764878105 7.22
723 0.5001849541385509 7.23
724 0.5001852318100871 7.24
725 0.5001855095023766 7.25
726 0.5001857872153774 7.26
727 0.5001860649490474 7.27
728 0.5001863427033445 7.28
729 0.500186620478227 7.29
730 0.5001868982736534 7.3
731 0.500187176089582 7.31
732 0.5001874539259714 7.32
733 0.5001877317827804 7.33
734 0.500188009659968 7.34
735 0.5001882875574933 7.350000000000001
736 0.5001885654753152 7.36
737 0.5001888434133934 7.37
738 0.500189121371687 7.38
739 0.5001893993501558 7.390000000000001
740 0.5001896773487594 7.4
741 0.5001899553674577 7.41
742 0.5001902334062107 7.42
743 0.5001905114649786 7.43
744 0.5001907895437215 7.44
745 0.5001910676423998 7.45
746 0.5001913457609741 7.46
747 0.5001916238994051 7.47
748 0.5001919020576534 7.48
749 0.50019218023568 7.49
750 0.500192458433446 7.5
751 0.5001927366509122 7.51
752 0.5001930148880405 7.52
753 0.5001932931447919 7.53
754 0.5001935714211279 7.54
755 0.5001938497170103 7.55
756 0.500194128032401 7.56
757 0.5001944063672616 7.57
758 0.5001946847215546 7.58
759 0.5001949630952417 7.59
760 0.5001952414882853 7.600000000000001
761 0.500195519900648 7.61
762 0.5001957983322922 7.62
763 0.5001960767831806 7.63
764 0.5001963552532758 7.640000000000001
765 0.5001966337425409 7.65
766 0.5001969122509385 7.66
767 0.5001971907784324 7.67
768 0.5001974693249853 7.68
769 0.5001977478905608 7.69
770 0.5001980264751223 7.7
771 0.5001983050786335 7.71
772 0.500198583701058 7.72
773 0.5001988623423594 7.73
774 0.5001991410025022 7.74
775 0.5001994196814501 7.75
776 0.5001996983791672 7.76
777 0.500199977095618 7.77
778 0.5002002558307669 7.78
779 0.5002005345845781 7.79
780 0.5002008133570165 7.8
781 0.5002010921480469 7.81
782 0.5002013709576338 7.82
783 0.5002016497857426 7.83
784 0.500201928632338 7.84
785 0.5002022074973854 7.850000000000001
786 0.50020248638085 7.86
787 0.500202765282697 7.87
788 0.5002030442028923 7.88
789 0.5002033231414011 7.890000000000001
790 0.5002036020981895 7.9
791 0.5002038810732231 7.91
792 0.5002041600664678 7.92
793 0.5002044390778898 7.930000000000001
794 0.500204718107455 7.94
795 0.5002049971551299 7.95
796 0.5002052762208807 7.96
797 0.5002055553046739 7.97
798 0.500205834406476 7.98
799 0.5002061135262538 7.99
800 0.5002063926639739 8
801 0.5002066718196033 8.01
802 0.5002069509931089 8.02
803 0.5002072301844578 8.029999999999999
804 0.500207509393617 8.040000000000001
805 0.500207788620554 8.050000000000001
806 0.5002080678652361 8.06
807 0.5002083471276308 8.07
808 0.5002086264077056 8.08
809 0.5002089057054282 8.09
810 0.5002091850207663 8.1
811 0.5002094643536878 8.109999999999999
812 0.5002097437041608 8.120000000000001
813 0.5002100230721532 8.130000000000001
814 0.5002103024576331 8.140000000000001
815 0.500210581860569 8.15
816 0.500210861280929 8.16
817 0.5002111407186817 8.17
818 0.5002114201737955 8.18
819 0.5002116996462391 8.19
820 0.5002119791359814 8.199999999999999
821 0.5002122586429909 8.210000000000001
822 0.5002125381672368 8.220000000000001
823 0.5002128177086879 8.23
824 0.5002130972673134 8.24
825 0.5002133768430824 8.25
826 0.5002136564359644 8.26
827 0.5002139360459286 8.27
828 0.5002142156729444 8.279999999999999
829 0.5002144953169817 8.290000000000001
830 0.5002147749780097 8.300000000000001
831 0.5002150546559985 8.31
832 0.5002153343509177 8.32
833 0.5002156140627373 8.33
834 0.5002158937914273 8.34
835 0.5002161735369578 8.35
836 0.5002164532992991 8.359999999999999
837 0.5002167330784213 8.370000000000001
838 0.5002170128742947 8.380000000000001
839 0.50021729268689 8.390000000000001
840 0.5002175725161774 8.4
841 0.5002178523621279 8.41
842 0.5002181322247119 8.42
843 0.5002184121039005 8.43
844 0.5002186919996643 8.44
845 0.5002189719119743 8.449999999999999
846 0.5002192518408015 8.460000000000001
847 0.5002195317861173 8.470000000000001
848 0.5002198117478927 8.48
849 0.500220091726099 8.49
850 0.5002203717207075 8.5
851 0.5002206517316899 8.51
852 0.5002209317590178 8.52
853 0.5002212118026624 8.529999999999999
854 0.5002214918625958 8.540000000000001
855 0.5002217719387897 8.550000000000001
856 0.5002220520312158 8.56
857 0.5002223321398462 8.57
858 0.500222612264653 8.58
859 0.5002228924056084 8.59
860 0.5002231725626841 8.6
861 0.500223452735853 8.609999999999999
862 0.5002237329250869 8.620000000000001
863 0.5002240131303587 8.630000000000001
864 0.5002242933516406 8.640000000000001
865 0.5002245735889054 8.65
866 0.5002248538421257 8.66
867 0.5002251341112741 8.67
868 0.5002254143963236 8.68
869 0.5002256946972471 8.69
870 0.5002259750140174 8.700000000000001
871 0.5002262553466078 8.710000000000001
872 0.5002265356949912 8.720000000000001
873 0.5002268160591409 8.73
874 0.5002270964390304 8.74
875 0.5002273768346326 8.75
876 0.5002276572459214 8.76
877 0.50022793767287 8.77
878 0.500228218115452 8.779999999999999
879 0.5002284985736413 8.790000000000001
880 0.5002287790474114 8.800000000000001
881 0.5002290595367361 8.81
882 0.5002293400415895 8.82
883 0.5002296205619453 8.83
884 0.5002299010977775 8.84
885 0.5002301816490605 8.85
886 0.5002304622157682 8.859999999999999
887 0.500230742797875 8.870000000000001
888 0.5002310233953551 8.880000000000001
889 0.5002313040081828 8.890000000000001
890 0.5002315846363328 8.9
891 0.5002318652797794 8.91
892 0.5002321459384974 8.92
893 0.5002324266124613 8.93
894 0.5002327073016458 8.94
895 0.5002329880060259 8.950000000000001
896 0.5002332687255764 8.960000000000001
897 0.5002335494602721 8.970000000000001
898 0.5002338302100882 8.98
899 0.5002341109749996 8.99
900 0.5002343917549815 9
901 0.5002346725500094 9.01
902 0.5002349533600582 9.02
903 0.5002352341851034 9.029999999999999
904 0.5002355150251204 9.040000000000001
905 0.5002357958800848 9.050000000000001
906 0.5002360767499719 9.06
907 0.5002363576347577 9.07
908 0.5002366385344176 9.08
909 0.5002369194489273 9.09
910 0.5002372003782628 9.1
911 0.5002374813224 9.109999999999999
912 0.5002377622813146 9.120000000000001
913 0.5002380432549829 9.130000000000001
914 0.5002383242433808 9.140000000000001
915 0.5002386052464846 9.15
916 0.5002388862642704 9.16
917 0.5002391672967145 9.17
918 0.5002394483437931 9.18
919 0.5002397294054827 9.19
920 0.5002400104817598 9.200000000000001
921 0.500240291572601 9.210000000000001
922 0.5002405726779828 9.220000000000001
923 0.5002408537978819 9.23
924 0.5002411349322747 9.24
925 0.5002414160811385 9.25
926 0.5002416972444498 9.26
927 0.5002419784221855 9.27
928 0.5002422596143227 9.279999999999999
929 0.5002425408208383 9.290000000000001
930 0.5002428220417094 9.300000000000001
931 0.5002431032769133 9.31
932 0.500243384526427 9.32
933 0.5002436657902278 9.33
934 0.5002439470682933 9.34
935 0.5002442283606005 9.35
936 0.500244509667127 9.359999999999999
937 0.5002447909878504 9.370000000000001
938 0.500245072322748 9.380000000000001
939 0.5002453536717977 9.390000000000001
940 0.500245635034977 9.4
941 0.5002459164122638 9.41
942 0.5002461978036358 9.42
943 0.5002464792090707 9.43
944 0.5002467606285468 9.44
945 0.5002470420620417 9.450000000000001
946 0.5002473235095337 9.460000000000001
947 0.5002476049710007 9.470000000000001
948 0.5002478864464209 9.48
949 0.5002481679357725 9.49
950 0.5002484494390338 9.5
951 0.5002487309561831 9.51
952 0.5002490124871987 9.52
953 0.500249294032059 9.529999999999999
954 0.5002495755907427 9.540000000000001
955 0.5002498571632281 9.550000000000001
956 0.500250138749494 9.56
957 0.5002504203495188 9.57
958 0.5002507019632815 9.58
959 0.5002509835907605 9.59
960 0.500251265231935 9.6
961 0.5002515468867835 9.609999999999999
962 0.5002518285552852 9.620000000000001
963 0.500252110237419 9.630000000000001
964 0.5002523919331638 9.640000000000001
965 0.5002526736424988 9.65
966 0.5002529553654033 9.66
967 0.5002532371018561 9.67
968 0.5002535188518368 9.68
969 0.5002538006153244 9.69
970 0.5002540823922985 9.700000000000001
971 0.5002543641827384 9.710000000000001
972 0.5002546459866235 9.720000000000001
973 0.5002549278039335 9.73
974 0.5002552096346476 9.74
975 0.5002554914787458 9.75
976 0.5002557733362075 9.76
977 0.5002560552070126 9.77
978 0.5002563370911407 9.779999999999999
979 0.5002566189885718 9.790000000000001
980 0.5002569008992855 9.800000000000001
981 0.5002571828232619 9.81
982 0.5002574647604809 9.82
983 0.5002577467109226 9.83
984 0.500258028674567 9.84
985 0.5002583106513943 9.85
986 0.5002585926413845 9.859999999999999
987 0.500258874644518 9.870000000000001
988 0.5002591566607749 9.880000000000001
989 0.5002594386901356 9.890000000000001
990 0.5002597207325805 9.9
991 0.50026000278809 9.91
992 0.5002602848566446 9.92
993 0.5002605669382247 9.93
994 0.500260849032811 9.94
995 0.500261131140384 9.950000000000001
996 0.5002614132609242 9.960000000000001
997 0.5002616953944126 9.970000000000001
998 0.5002619775408298 9.98
999 0.5002622597001567 9.99
1000 0.5002625418723742 10
