"itf1-temp-rfile"
"Time Step" "itf1-temp etc.."
("Time Step" "itf1-temp" "flow-time")
0 303.1499954827131 0
1 290.3855226553061 0.1
2 291.4273938517185 0.2
3 292.1604688192054 0.3
4 292.6888299480744 0.4
5 293.0775869023548 0.5
6 293.3685112329805 0.6000000000000001
7 293.5891197237277 0.7000000000000001
8 293.7580043519382 0.8
9 293.8880025999864 0.9
10 293.988159382658 1
11 294.065020456815 1.1
12 294.1233904707344 1.2
13 294.1668504454223 1.3
14 294.1981375401427 1.4
15 294.2193081919185 1.5
16 294.2319853166522 1.6
17 294.2374516703139 1.7
18 294.2367103938467 1.8
19 294.2305825331124 1.9
20 294.2197468417341 2
21 294.2047474587248 2.1
22 294.1860284346891 2.2
23 294.1639835503692 2.3
24 294.138935147111 2.4
25 294.1111606677275 2.5
26 294.0809006958206 2.6
27 294.0483694133295 2.7
28 294.0137607234047 2.8
29 293.9772529959224 2.9
30 293.9390153949377 3
31 293.8992130882008 3.1
32 293.8580061470217 3.2
33 293.8155661273015 3.3
34 293.7720661623973 3.4
35 293.7276840305656 3.5
36 293.682600910077 3.6
37 293.6369994887654 3.7
38 293.5910588092085 3.8
39 293.5449540104099 3.9
40 293.4988505701471 4
41 293.4529017006763 4.100000000000001
42 293.4072447722037 4.2
43 293.361999114556 4.3
44 293.3172685521998 4.4
45 293.2731331343044 4.5
46 293.2296536664809 4.600000000000001
47 293.1868730042448 4.7
48 293.1448178584674 4.800000000000001
49 293.1035006907148 4.9
50 293.0629219856505 5
51 293.023072619949 5.100000000000001
52 292.9839352778425 5.2
53 292.9454868652364 5.300000000000001
54 292.907702090978 5.4
55 292.8705529527546 5.5
56 292.8340102893991 5.600000000000001
57 292.7980449014271 5.7
58 292.7626282623723 5.800000000000001
59 292.7277333946141 5.9
60 292.6933351716919 6
61 292.6594105135482 6.100000000000001
62 292.6259385313946 6.2
63 292.592900636646 6.300000000000001
64 292.5602788736297 6.4
65 292.5280591262934 6.5
66 292.4962290893619 6.600000000000001
67 292.4647782254344 6.7
68 292.4336974537454 6.800000000000001
69 292.4029789928694 6.9
70 292.3726160500553 7
71 292.3426026379857 7.100000000000001
72 292.3129334228169 7.2
73 292.2836037446471 7.300000000000001
74 292.2546092022432 7.4
75 292.2259456549127 7.5
76 292.1976090861677 7.600000000000001
77 292.1695955780667 7.7
78 292.141899550552 7.800000000000001
79 292.1145172835991 7.9
80 292.0874450549041 8
81 292.0606790815261 8.1
82 292.0342154886405 8.200000000000001
83 292.0080502686201 8.300000000000001
84 291.9821793145852 8.4
85 291.9565987075491 8.5
86 291.9313045502646 8.6
87 291.906292567388 8.700000000000001
88 291.8815589447196 8.800000000000001
89 291.8570976947441 8.9
90 291.8329050994257 9
91 291.808977678167 9.1
92 291.7853117305303 9.200000000000001
93 291.7619038186774 9.300000000000001
94 291.7387505821826 9.4
95 291.7158486983633 9.5
96 291.6931949963314 9.600000000000001
97 291.6707863136369 9.700000000000001
98 291.6486166765591 9.800000000000001
99 291.6266832699966 9.9
100 291.6049833211482 10
101 291.583514181585 10.1
102 291.5622732871435 10.2
103 291.5412580771089 10.3
104 291.5204659029504 10.4
105 291.4998906729886 10.5
106 291.4795303629966 10.6
107 291.4593829042694 10.7
108 291.4394501703692 10.8
109 291.4197262072605 10.9
110 291.4002092071037 11
111 291.3808974167532 11.1
112 291.361788984265 11.2
113 291.3428820964815 11.3
114 291.3241749108168 11.4
115 291.305665673197 11.5
116 291.2873526438687 11.6
117 291.2692340782731 11.7
118 291.2513082535338 11.8
119 291.2335733631502 11.9
120 291.2160278305543 12
121 291.1986701528706 12.1
122 291.1814987809051 12.2
123 291.1645122373957 12.3
124 291.1477090016465 12.4
125 291.1310876577311 12.5
126 291.1146465749507 12.6
127 291.0983838474789 12.7
128 291.0822971806474 12.8
129 291.0663858045706 12.9
130 291.0506485150681 13
131 291.0350839666879 13.1
132 291.0196851608755 13.2
133 291.0044562290657 13.3
134 290.9893953675011 13.4
135 290.9745009875568 13.5
136 290.9597719369775 13.6
137 290.9452068958167 13.7
138 290.9308044756515 13.8
139 290.9165572461464 13.9
140 290.9024692607816 14
141 290.8885330987849 14.1
142 290.8747474211117 14.2
143 290.8611108263266 14.3
144 290.8476219565459 14.4
145 290.834279240334 14.5
146 290.8210810588949 14.6
147 290.8080261386953 14.7
148 290.7951127428238 14.8
149 290.7823396171743 14.9
150 290.769705289238 15
151 290.7572074265158 15.1
152 290.7448439128616 15.2
153 290.7326136676502 15.3
154 290.7205151828962 15.4
155 290.7085466820085 15.5
156 290.6967058617733 15.6
157 290.684982704029 15.7
158 290.6733755113594 15.8
159 290.6618826350105 15.9
160 290.6505024698328 16
161 290.6392333392452 16.1
162 290.6280734143815 16.2
163 290.6170210172892 16.3
164 290.6060745529733 16.4
165 290.5952324701497 16.5
166 290.5844931075019 16.6
167 290.5738547580934 16.7
168 290.5633155446819 16.8
169 290.5528636884975 16.9
170 290.5425077830378 17
171 290.5322459695719 17.1
172 290.5220667921765 17.2
173 290.5119786639859 17.3
174 290.5019701966386 17.4
175 290.49204002769 17.5
176 290.4821868074266 17.6
177 290.4724085762288 17.7
178 290.4627045822122 17.8
179 290.4530738250234 17.9
180 290.443515195724 18
181 290.4340276153054 18.1
182 290.4246099245629 18.2
183 290.4152610070929 18.3
184 290.4059795006842 18.4
185 290.3967643705917 18.5
186 290.3876143127182 18.6
187 290.3785282465489 18.7
188 290.3695051229977 18.8
189 290.3605437922018 18.9
190 290.3516432171961 19
191 290.3428022944825 19.1
192 290.3340199304978 19.2
193 290.3252950676339 19.3
194 290.3166266131943 19.4
195 290.3080134204862 19.5
196 290.299454426101 19.6
197 290.2909486779319 19.7
198 290.2824951542391 19.8
199 290.274092723234 19.9
200 290.2657405549248 20
201 290.2574380068648 20.1
202 290.2491841552656 20.2
203 290.2409783543539 20.3
204 290.2328197805917 20.4
205 290.2247076925756 20.5
206 290.216641396563 20.6
207 290.2086202435324 20.7
208 290.2006436265809 20.8
209 290.1927030405374 20.9
210 290.1848066521386 21
211 290.1769458911182 21.1
212 290.1691209288933 21.2
213 290.1613319856299 21.3
214 290.1535790728914 21.4
215 290.1458624469817 21.5
216 290.1381822534178 21.6
217 290.130538628432 21.7
218 290.1229318040513 21.8
219 290.1153620103866 21.9
220 290.1078294430155 22
221 290.1003343513096 22.1
222 290.0928770258331 22.2
223 290.0854576685446 22.3
224 290.07807657544 22.4
225 290.0707339385729 22.5
226 290.0634300729975 22.6
227 290.0561652553538 22.7
228 290.0489397433448 22.8
229 290.041753774405 22.9
230 290.0346075652458 23
231 290.0275014381449 23.1
232 290.020435644449 23.2
233 290.0134104329482 23.3
234 290.0064260684157 23.4
235 289.9994827758543 23.5
236 289.9925807963093 23.6
237 289.9857203495052 23.7
238 289.9789016508605 23.8
239 289.9721248946823 23.9
240 289.9653902496948 24
241 289.9586979006637 24.1
242 289.9520480192688 24.2
243 289.9454406718568 24.3
244 289.9388760033194 24.4
245 289.9323540920963 24.5
246 289.9258750651406 24.6
247 289.9194389301922 24.7
248 289.9130457269608 24.8
249 289.906695488412 24.9
250 289.9003882075291 25
251 289.8941238787509 25.1
252 289.8879024404744 25.2
253 289.8817237744149 25.3
254 289.8755878124163 25.4
255 289.8694943920498 25.5
256 289.8634433725586 25.6
257 289.8574345831919 25.7
258 289.8514678526515 25.8
259 289.8455430201431 25.9
260 289.8396598593706 26
261 289.8338181396643 26.1
262 289.8280175915033 26.2
263 289.8222579293388 26.3
264 289.8165388251398 26.4
265 289.8108599922999 26.5
266 289.8052210871708 26.6
267 289.7996217259791 26.7
268 289.7940615248368 26.8
269 289.7885400655196 26.9
270 289.783056947502 27
271 289.7776117614139 27.1
272 289.7722040567912 27.2
273 289.7668334169818 27.3
274 289.7614993833373 27.4
275 289.756201474316 27.5
276 289.7509392133321 27.6
277 289.7457121049653 27.7
278 289.7405196466246 27.8
279 289.7353613139545 27.9
280 289.7302365689771 28
281 289.7251448743232 28.1
282 289.7200856916926 28.2
283 289.7150584987284 28.3
284 289.7100627683852 28.4
285 289.7050979470893 28.5
286 289.7001634930459 28.6
287 289.6952588540625 28.7
288 289.6903834636972 28.8
289 289.6855368079009 28.9
290 289.6807183296572 29
291 289.675927486656 29.1
292 289.6711637231715 29.2
293 289.6664265018692 29.3
294 289.661715280288 29.4
295 289.6570295594057 29.5
296 289.6523688252132 29.6
297 289.6477325685195 29.7
298 289.6431202945956 29.8
299 289.638531489849 29.9
300 289.6339657031282 30
301 289.629422422803 30.1
302 289.6249012076057 30.2
303 289.6204016005195 30.3
304 289.6159231541991 30.4
305 289.6114653149951 30.5
306 289.6070277990991 30.6
307 289.6026102408233 30.7
308 289.5982123009586 30.8
309 289.5938336100489 30.9
310 289.5894738223704 31
311 289.5851326175928 31.1
312 289.5808096634727 31.2
313 289.5765045554473 31.3
314 289.5722170985626 31.4
315 289.5679470007823 31.5
316 289.5636940540771 31.6
317 289.5594579679633 31.7
318 289.5552385506057 31.8
319 289.5510356154834 31.9
320 289.5468489941751 32
321 289.5426785126442 32.1
322 289.5385239986906 32.2
323 289.53438534911 32.3
324 289.5302624399325 32.4
325 289.5261479339916 32.5
326 289.5220487859706 32.6
327 289.517958871051 32.7
328 289.5138848079045 32.8
329 289.5098202781179 32.9
330 289.505771969415 33
331 289.5017335313375 33.1
332 289.4977116312759 33.2
333 289.4936999886141 33.3
334 289.4897051940372 33.4
335 289.485720998809 33.5
336 289.4817464644817 33.6
337 289.4777902128646 33.7
338 289.4738452802187 33.8
339 289.4699107880844 33.9
340 289.4659876928945 34
341 289.4620763100238 34.1
342 289.4581770837326 34.2
343 289.4542902581403 34.3
344 289.4504162213279 34.4
345 289.446555377787 34.5
346 289.4427080248095 34.6
347 289.438874478503 34.7
348 289.4350550055491 34.8
349 289.4312499133329 34.9
350 289.427459517479 35
351 289.4236840675571 35.1
352 289.4199238687622 35.2
353 289.4161791070035 35.3
354 289.4124500318644 35.4
355 289.4087369569261 35.5
356 289.4050400864868 35.6
357 289.4013595961044 35.7
358 289.3976957390971 35.8
359 289.3940486996588 35.9
360 289.3904186330291 36
361 289.3868057045589 36.1
362 289.3832101095647 36.2
363 289.3796319638196 36.3
364 289.376071341862 36.4
365 289.3725284967815 36.5
366 289.3690033860946 36.6
367 289.3654962139094 36.7
368 289.3620070722699 36.8
369 289.3585360177683 36.9
370 289.3550832319242 37
371 289.351648718954 37.1
372 289.3482325261839 37.2
373 289.3448347271021 37.3
374 289.3414553552551 37.4
375 289.3380944369372 37.5
376 289.3347520117836 37.6
377 289.3314280570464 37.7
378 289.3281225817371 37.8
379 289.3248356052528 37.9
380 289.3215670558388 38
381 289.3183168896989 38.1
382 289.3150850984193 38.2
383 289.3118716734077 38.3
384 289.3086765642634 38.40000000000001
385 289.3054997522643 38.5
386 289.302341129896 38.6
387 289.299200612939 38.7
388 289.2960781469706 38.8
389 289.292973611765 38.90000000000001
390 289.2898869783877 39
391 289.2868181405655 39.1
392 289.2837669201673 39.2
393 289.2807332821469 39.3
394 289.2777171151194 39.40000000000001
395 289.2747183542297 39.5
396 289.2717367706152 39.6
397 289.2687723303234 39.7
398 289.2658248321029 39.8
399 289.2628941450988 39.90000000000001
400 289.2599801617546 40
401 289.2570827333431 40.1
402 289.254201705462 40.2
403 289.2513369659174 40.3
404 289.2484882630139 40.40000000000001
405 289.2456554900511 40.5
406 289.2428385266794 40.6
407 289.2400371555559 40.7
408 289.237251232654 40.8
409 289.2344805927058 40.90000000000001
410 289.2317250711085 41
411 289.2289844715701 41.1
412 289.2262586786337 41.2
413 289.2235474522133 41.3
414 289.2208506192862 41.40000000000001
415 289.2181679962683 41.5
416 289.2154994377731 41.6
417 289.2128447375765 41.7
418 289.2102037106719 41.8
419 289.2075761672291 41.90000000000001
420 289.2049619382508 42
421 289.2023608224745 42.1
422 289.1997726760985 42.2
423 289.1971972416625 42.3
424 289.1946344192071 42.40000000000001
425 289.1920839864855 42.5
426 289.1895457215135 42.6
427 289.1870194807292 42.7
428 289.184505085312 42.8
429 289.1820023465988 42.90000000000001
430 289.1795110531087 43
431 289.1770310381211 43.1
432 289.1745621123599 43.2
433 289.1721040825179 43.3
434 289.169656799621 43.40000000000001
435 289.167220092842 43.5
436 289.164793765279 43.6
437 289.1623776546771 43.7
438 289.1599715676119 43.8
439 289.1575753355896 43.90000000000001
440 289.1551887769235 44
441 289.1528117610557 44.1
442 289.1504440556613 44.2
443 289.1480855495489 44.3
444 289.1457360409613 44.40000000000001
445 289.1433954300297 44.5
446 289.1410635669664 44.6
447 289.138740270703 44.7
448 289.1364254000339 44.8
449 289.1341187965864 44.90000000000001
450 289.1318203163994 45
451 289.1295298282887 45.1
452 289.1272471726302 45.2
453 289.1249722018861 45.3
454 289.1227048150278 45.40000000000001
455 289.1204448465724 45.5
456 289.1181922089232 45.6
457 289.115946760276 45.7
458 289.1137083718806 45.8
459 289.1114769081975 45.90000000000001
460 289.1092523063909 46
461 289.1070344449458 46.1
462 289.1048231932018 46.2
463 289.1026184758879 46.3
464 289.1004201878089 46.40000000000001
465 289.0982282136491 46.5
466 289.0960424892395 46.6
467 289.0938628651932 46.7
468 289.0916892417349 46.8
469 289.0895215943246 46.90000000000001
470 289.0873598478602 47
471 289.0852039272748 47.1
472 289.0830537633813 47.2
473 289.0809093062426 47.3
474 289.0787704874322 47.40000000000001
475 289.0766372601291 47.5
476 289.0745095590148 47.6
477 289.0723874000971 47.7
478 289.0702706723118 47.8
479 289.0681593214557 47.90000000000001
480 289.0660533362178 48
481 289.0639526610195 48.1
482 289.0618572875571 48.2
483 289.0597671910673 48.3
484 289.0576823275635 48.40000000000001
485 289.0556026660404 48.5
486 289.0535282414635 48.6
487 289.0514590177751 48.7
488 289.0493949769775 48.8
489 289.0473361238294 48.90000000000001
490 289.0452824380135 49
491 289.0432339326913 49.1
492 289.0411906027155 49.2
493 289.0391524803297 49.3
494 289.0371195327175 49.40000000000001
495 289.0350917694485 49.5
496 289.0330692182063 49.6
497 289.0310519297182 49.7
498 289.0290398820565 49.8
499 289.0270330778138 49.90000000000001
500 289.025031573831 50
501 289.0230353852971 50.1
502 289.0210445419802 50.2
503 289.0190590662821 50.3
504 289.0170789886337 50.40000000000001
505 289.0151043423563 50.5
506 289.0131351725468 50.6
507 289.0111714939282 50.7
508 289.0092133773059 50.8
509 289.0072608376334 50.90000000000001
510 289.0053139104238 51
511 289.0033726416046 51.1
512 289.0014370584227 51.2
513 288.9995072191753 51.3
514 288.997583157933 51.40000000000001
515 288.9956649097752 51.5
516 288.9937525253169 51.6
517 288.9918460561785 51.7
518 288.9899455207022 51.8
519 288.9880509785871 51.90000000000001
520 288.9861624729961 52
521 288.9842800277979 52.1
522 288.9824036929336 52.2
523 288.9805335118077 52.3
524 288.9786695344994 52.40000000000001
525 288.9768117990324 52.5
526 288.9749603323539 52.6
527 288.9731151832798 52.7
528 288.9712763737124 52.8
529 288.9694439487154 52.90000000000001
530 288.9676179336119 53
531 288.9657983810906 53.1
532 288.9639853132658 53.2
533 288.962178763992 53.3
534 288.9603787588792 53.40000000000001
535 288.9585853303257 53.5
536 288.9567985153205 53.6
537 288.9550183086916 53.7
538 288.9532447291237 53.8
539 288.9514778001968 53.90000000000001
540 288.9497175459217 54
541 288.9479639790472 54.1
542 288.9462171105841 54.2
543 288.944476949981 54.3
544 288.9427435046637 54.40000000000001
545 288.9410167846756 54.5
546 288.9392968111698 54.6
547 288.9375835641773 54.7
548 288.9358770459093 54.8
549 288.9341772517038 54.90000000000001
550 288.9324841651692 55
551 288.9307977963582 55.1
552 288.9291181209724 55.2
553 288.9274451265091 55.3
554 288.9257787997618 55.40000000000001
555 288.9241191051358 55.5
556 288.9224660338475 55.6
557 288.9208195724323 55.7
558 288.9191796780091 55.8
559 288.9175463365308 55.90000000000001
560 288.9159195029635 56
561 288.9142991448664 56.1
562 288.9126852330992 56.2
563 288.9110777258612 56.3
564 288.9094765843564 56.40000000000001
565 288.9078817510682 56.5
566 288.9062931829906 56.6
567 288.9047108386555 56.7
568 288.9031346599207 56.8
569 288.9015646107795 56.90000000000001
570 288.9000006315373 57
571 288.8984426665894 57.1
572 288.8968906492935 57.2
573 288.8953445238683 57.3
574 288.893804226217 57.40000000000001
575 288.8922696977024 57.5
576 288.8907408523353 57.6
577 288.8892176430884 57.7
578 288.8876999985498 57.8
579 288.886187852234 57.90000000000001
580 288.88468114098 58
581 288.883179794534 58.1
582 288.8816837334904 58.2
583 288.8801928855979 58.3
584 288.8787071865269 58.40000000000001
585 288.8772265488273 58.5
586 288.8757509026498 58.6
587 288.8742801706886 58.7
588 288.8728142707727 58.8
589 288.8713531431786 58.90000000000001
590 288.8698966924872 59
591 288.8684448538566 59.1
592 288.8669975445741 59.2
593 288.8655546732927 59.3
594 288.8641161782039 59.40000000000001
595 288.8626819809548 59.5
596 288.8612520055866 59.6
597 288.8598261726522 59.7
598 288.8584044246655 59.8
599 288.856986669787 59.90000000000001
600 288.8555728540697 60
