"itf2-temp-rfile"
"Time Step" "itf2-temp etc.."
("Time Step" "itf2-temp" "flow-time")
0 283.1499957807364 0
1 290.385878038026 0.1
2 291.4285804545236 0.2
3 292.1627672991821 0.3
4 292.6923964406511 0.4
5 293.0825202140841 0.5
6 293.3749034042038 0.6000000000000001
7 293.5970503283942 0.7000000000000001
8 293.767524793941 0.8
9 293.899151274386 0.9
10 294.0009643850123 1
11 294.0794877451476 1.1
12 294.1395058175447 1.2
13 294.1845891372788 1.3
14 294.2174630156942 1.4
15 294.240185575065 1.5
16 294.2543775074416 1.6
17 294.2613156468901 1.7
18 294.2620032460003 1.8
19 294.2572600149066 1.9
20 294.2477661919498 2
21 294.2340688352049 2.1
22 294.2166093964273 2.2
23 294.1957809524836 2.3
24 294.1719069654129 2.4
25 294.145265672189 2.5
26 294.1160995550153 2.6
27 294.0846241797229 2.7
28 294.0510348189293 2.8
29 294.0155124572633 2.9
30 293.9782295366848 3
31 293.9393545942403 3.1
32 293.8990508636 3.2
33 293.8574908684417 3.3
34 293.8148474100445 3.4
35 293.7712967019444 3.5
36 293.7270170214584 3.6
37 293.6821866909063 3.7
38 293.636980081265 3.8
39 293.5915661794891 3.9
40 293.5461051365923 4
41 293.5007445593796 4.100000000000001
42 293.4556169153361 4.2
43 293.4108379584301 4.3
44 293.3665095619682 4.4
45 293.3227117328798 4.5
46 293.279506942484 4.600000000000001
47 293.2369412407084 4.7
48 293.1950459094891 4.800000000000001
49 293.15383898047 4.9
50 293.1133273682948 5
51 293.0735088494902 5.100000000000001
52 293.0343732539491 5.2
53 292.9959048119542 5.300000000000001
54 292.958084354165 5.4
55 292.9208897918582 5.5
56 292.8842972523681 5.600000000000001
57 292.8482820724385 5.7
58 292.8128195755801 5.800000000000001
59 292.7778856376804 5.9
60 292.7434572171195 6
61 292.7095126256137 6.100000000000001
62 292.6760317388718 6.2
63 292.6429961970932 6.300000000000001
64 292.6103878353246 6.4
65 292.5781919436908 6.5
66 292.5463953386156 6.600000000000001
67 292.5149863957186 6.7
68 292.4839548548002 6.800000000000001
69 292.4532917016906 6.9
70 292.4229889250836 7
71 292.3930394481648 7.100000000000001
72 292.3634368741962 7.2
73 292.3341754678811 7.300000000000001
74 292.3052498989354 7.4
75 292.2766552706318 7.5
76 292.2483869325263 7.600000000000001
77 292.2204404645055 7.7
78 292.1928098423738 7.800000000000001
79 292.1654910741109 7.9
80 292.1384802186657 8
81 292.1117733871404 8.1
82 292.0853667058659 8.200000000000001
83 292.0592562585779 8.300000000000001
84 292.0334379870396 8.4
85 292.0079080903216 8.5
86 291.9826628186248 8.6
87 291.9576980072301 8.700000000000001
88 291.933010079893 8.800000000000001
89 291.908593116858 8.9
90 291.8844435621887 9
91 291.8605581773899 9.1
92 291.8369333872383 9.200000000000001
93 291.813565909652 9.300000000000001
94 291.7904525609723 9.4
95 291.767590157588 9.5
96 291.7449755870734 9.600000000000001
97 291.7226058239668 9.700000000000001
98 291.7004749012319 9.800000000000001
99 291.6785801758581 9.9
100 291.6569189794781 10
101 291.6354887808934 10.1
102 291.6142871082851 10.2
103 291.5933114912025 10.3
104 291.5725593952012 10.4
105 291.5520245924943 10.5
106 291.5317051158189 10.6
107 291.5115988551161 10.7
108 291.4917080940983 10.8
109 291.4720267116968 10.9
110 291.452553047097 11
111 291.4332853743957 11.1
112 291.4142219279981 11.2
113 291.3953609923811 11.3
114 291.376700841741 11.4
115 291.3582398320205 11.5
116 291.3399763063872 11.6
117 291.3219085421891 11.7
118 291.304034880984 11.8
119 291.2863533471025 11.9
120 291.2688625865692 12
121 291.2515612463551 12.1
122 291.2344479548044 12.2
123 291.2175212933483 12.3
124 291.2007797744562 12.4
125 291.1842220379822 12.5
126 291.1678464638982 12.6
127 291.1516513627419 12.7
128 291.1356350196683 12.8
129 291.1197963103436 12.9
130 291.1041339812112 13
131 291.0886467205956 13.1
132 291.0733271492418 13.2
133 291.0581800075641 13.3
134 291.0432034900476 13.4
135 291.0283959603124 13.5
136 291.0137563012458 13.6
137 290.9992831839617 13.7
138 290.9849752700769 13.8
139 290.9708246995694 13.9
140 290.9568358991099 14
141 290.9430007905946 14.1
142 290.9293182228749 14.2
143 290.9157867975441 14.3
144 290.9024052353853 14.4
145 290.8891718578133 14.5
146 290.8760847275031 14.6
147 290.8631426648464 14.7
148 290.8503440496413 14.8
149 290.8376875628719 14.9
150 290.8251715692822 15
151 290.8127939976053 15.1
152 290.8005528960401 15.2
153 290.78844672459 15.3
154 290.7764737786783 15.4
155 290.7646321204535 15.5
156 290.7529194469192 15.6
157 290.7413249639249 15.7
158 290.7298470528431 15.8
159 290.7184839858517 15.9
160 290.7072340499319 16
161 290.6960954720268 16.1
162 290.6850663189318 16.2
163 290.6741445344493 16.3
164 290.6633285993875 16.4
165 290.6526168418463 16.5
166 290.6420075284142 16.6
167 290.6314988741316 16.7
168 290.6210887919354 16.8
169 290.6107648038977 16.9
170 290.6005359572711 17
171 290.5904003575581 17.1
172 290.5803460655709 17.2
173 290.5703818584455 17.3
174 290.560495777856 17.4
175 290.5506863553548 17.5
176 290.5409521942613 17.6
177 290.5312917221137 17.7
178 290.521703857296 17.8
179 290.5121874373259 17.9
180 290.5027412455678 18
181 290.4933641351542 18.1
182 290.4840548935931 18.2
183 290.4748123646445 18.3
184 290.4656351792567 18.4
185 290.4565221916091 18.5
186 290.4474720620446 18.6
187 290.4384836903485 18.7
188 290.4295559757848 18.8
189 290.4206877159904 18.9
190 290.4118778473974 19
191 290.4031252318251 19.1
192 290.3944287235576 19.2
193 290.3857872439378 19.3
194 290.3771996827886 19.4
195 290.3686649188297 19.5
196 290.3601818813378 19.6
197 290.351749605789 19.7
198 290.34336710936 19.8
199 290.3350333967661 19.9
200 290.3267475151476 20
201 290.3185088356608 20.1
202 290.310316397975 20.2
203 290.3021696353698 20.3
204 290.2940677308995 20.4
205 290.2860099832088 20.5
206 290.2779957415505 20.6
207 290.2700244060327 20.7
208 290.2620954262055 20.8
209 290.2542000562243 20.9
210 290.246347089353 21
211 290.2385274410023 21.1
212 290.2307416408206 21.2
213 290.2229899429331 21.3
214 290.2152724952095 21.4
215 290.2075896311717 21.5
216 290.1999415978007 21.6
217 290.1923286342679 21.7
218 290.1847510308704 21.8
219 290.1772090979788 21.9
220 290.1697031323123 22
221 290.1622334650031 22.1
222 290.1548004844973 22.2
223 290.1474044673889 22.3
224 290.1400457954342 22.4
225 290.132724766546 22.5
226 290.1254418026534 22.6
227 290.1181972313405 22.7
228 290.1109914217306 22.8
229 290.1038246857818 22.9
230 290.0966973291229 23
231 290.089609737326 23.1
232 290.0825622577405 23.2
233 290.075555215681 23.3
234 290.0685889440494 23.4
235 290.0616637394724 23.5
236 290.0547799029267 23.6
237 290.0479377439163 23.7
238 290.0411375360802 23.8
239 290.0343795322225 23.9
240 290.0276639618624 24
241 290.0209910716819 24.1
242 290.0143611056905 24.2
243 290.0077741739368 24.3
244 290.001230471328 24.4
245 289.9947301356289 24.5
246 289.9882733224183 24.6
247 289.981860096114 24.7
248 289.9754905263596 24.8
249 289.9691646943569 24.9
250 289.9628826208344 25
251 289.956644321696 25.1
252 289.9504497749604 25.2
253 289.9442988988557 25.3
254 289.9381916477088 25.4
255 289.9321278797402 25.5
256 289.926107484448 25.6
257 289.9201302875881 25.7
258 289.9141960867135 25.8
259 289.908304773573 25.9
260 289.9024561100138 26
261 289.8966498773853 26.1
262 289.890885809896 26.2
263 289.8851636097237 26.3
264 289.8794829561078 26.4
265 289.8738435631351 26.5
266 289.8682450547141 26.6
267 289.8626870376455 26.7
268 289.8571691047831 26.8
269 289.851690813851 26.9
270 289.8462517384086 27
271 289.8408513845636 27.1
272 289.835489299133 27.2
273 289.8301650624098 27.3
274 289.8248781745235 27.4
275 289.8196281362921 27.5
276 289.8144144209894 27.6
277 289.8092365018024 27.7
278 289.8040938429434 27.8
279 289.7989858682463 27.9
280 289.7939119780482 28
281 289.7888715947155 28.1
282 289.7838640838546 28.2
283 289.7788888857728 28.3
284 289.7739454514544 28.4
285 289.769033192641 28.5
286 289.7641515413104 28.6
287 289.7592999101003 28.7
288 289.7544776876285 28.8
289 289.7496843102619 28.9
290 289.7449191424594 29
291 289.7401815774181 29.1
292 289.7354710132477 29.2
293 289.7307868487288 29.3
294 289.7261285004392 29.4
295 289.7214954447803 29.5
296 289.7168871258182 29.6
297 289.712303004882 29.7
298 289.7077425557881 29.8
299 289.7032052358127 29.9
300 289.6986905632068 30
301 289.6941979786898 30.1
302 289.6897269772917 30.2
303 289.6852770724403 30.3
304 289.6808478257737 30.4
305 289.6764387268776 30.5
306 289.6720493830887 30.6
307 289.6676793753878 30.7
308 289.6633283345996 30.8
309 289.6589958625689 30.9
310 289.6546816013335 31
311 289.6503852176633 31.1
312 289.6461063563401 31.2
313 289.6418446437691 31.3
314 289.6375998384654 31.4
315 289.6333716167043 31.5
316 289.6291597549677 31.6
317 289.6249639291367 31.7
318 289.6207839625489 31.8
319 289.6166196594905 31.9
320 289.6124708420899 32
321 289.6083373245182 32.1
322 289.6042189347154 32.2
323 289.6001155821056 32.3
324 289.596027143375 32.4
325 289.5919453572361 32.5
326 289.5878797136695 32.6
327 289.5838209583557 32.7
328 289.5797787405533 32.8
329 289.5757437747927 32.9
330 289.5717256871851 33
331 289.5677152135432 33.1
332 289.5637219225218 33.2
333 289.5597366953481 33.3
334 289.5557690004196 33.4
335 289.5518097723938 33.5
336 289.5478600943867 33.6
337 289.5439288536522 33.7
338 289.5400068877531 33.8
339 289.536095230099 33.9
340 289.5321943610007 34
341 289.5283045884493 34.1
342 289.5244263391492 34.2
343 289.5205599043416 34.3
344 289.5167057128786 34.4
345 289.5128641164096 34.5
346 289.5090354994065 34.6
347 289.5052201671971 34.7
348 289.5014184171396 34.8
349 289.497630562377 34.9
350 289.4938569494784 35
351 289.490097861504 35.1
352 289.4863535970145 35.2
353 289.4826243903879 35.3
354 289.4789105247317 35.4
355 289.475212265287 35.5
356 289.4715298817057 35.6
357 289.4678635538151 35.7
358 289.4642135769685 35.8
359 289.460580127642 35.9
360 289.456963372929 36
361 289.4533635056357 36.1
362 289.4497807090545 36.2
363 289.4462151675919 36.3
364 289.4426669777528 36.4
365 289.4391363616327 36.5
366 289.4356233571107 36.6
367 289.4321281574411 36.7
368 289.4286508613337 36.8
369 289.4251915201801 36.9
370 289.4217503264301 37
371 289.418327301575 37.1
372 289.4149224947292 37.2
373 289.4115359967214 37.3
374 289.4081678542905 37.4
375 289.4048181263622 37.5
376 289.4014868078669 37.6
377 289.398173927654 37.7
378 289.3948795073982 37.8
379 289.3916035835184 37.9
380 289.3883460804378 38
381 289.3851069842215 38.1
382 289.3818862541326 38.2
383 289.3786839074083 38.3
384 289.3754999053524 38.40000000000001
385 289.3723341885716 38.5
386 289.3691867077172 38.6
387 289.3660573651713 38.7
388 289.3629461096793 38.8
389 289.3598528260762 38.90000000000001
390 289.3567774874565 39
391 289.3537199970617 39.1
392 289.3506801930787 39.2
393 289.347658003652 39.3
394 289.3446533305689 39.40000000000001
395 289.3416661031798 39.5
396 289.3386961144453 39.6
397 289.3357433334846 39.7
398 289.3328075257106 39.8
399 289.3298885890309 39.90000000000001
400 289.3269864116386 40
401 289.324100842248 40.1
402 289.3212317235156 40.2
403 289.318378924606 40.3
404 289.3155422181254 40.40000000000001
405 289.3127214860123 40.5
406 289.309916615246 40.6
407 289.3071273689112 40.7
408 289.304353604506 40.8
409 289.301595140632 40.90000000000001
410 289.298851822983 41
411 289.2961234367796 41.1
412 289.2934098660057 41.2
413 289.2907108591644 41.3
414 289.2880262504245 41.40000000000001
415 289.285355833288 41.5
416 289.2826994916214 41.6
417 289.2800569900907 41.7
418 289.2774281399072 41.8
419 289.2748127359943 41.90000000000001
420 289.2722106240261 42
421 289.2696215912205 42.1
422 289.2670454961082 42.2
423 289.2644820445411 42.3
424 289.2619311627028 42.40000000000001
425 289.2593926032866 42.5
426 289.2568661326665 42.6
427 289.2543516215691 42.7
428 289.2518488800393 42.8
429 289.2493577050934 42.90000000000001
430 289.2468778825407 43
431 289.2444092378616 43.1
432 289.241951582373 43.2
433 289.2395047087398 43.3
434 289.2370684692456 43.40000000000001
435 289.2346426831081 43.5
436 289.2322271488121 43.6
437 289.2298216956445 43.7
438 289.2274261295517 43.8
439 289.2250402809258 43.90000000000001
440 289.2226639594745 44
441 289.2202970301603 44.1
442 289.2179392517403 44.2
443 289.2155905426274 44.3
444 289.2132506397429 44.40000000000001
445 289.2109194740123 44.5
446 289.2085968842078 44.6
447 289.2062826801689 44.7
448 289.2039767397791 44.8
449 289.2016788746802 44.90000000000001
450 289.1993889497234 45
451 289.1971068288289 45.1
452 289.1948323488092 45.2
453 289.1925653565788 45.3
454 289.1903057519951 45.40000000000001
455 289.1880533626475 45.5
456 289.185808118937 45.6
457 289.1835698624747 45.7
458 289.1813384661948 45.8
459 289.1791137854057 45.90000000000001
460 289.17689576706 46
461 289.174684301424 46.1
462 289.1724792380014 46.2
463 289.1702805054707 46.3
464 289.1680880003493 46.40000000000001
465 289.1659016064624 46.5
466 289.1637212580183 46.6
467 289.1615468625918 46.7
468 289.1593783172067 46.8
469 289.157215577702 46.90000000000001
470 289.1550585584591 47
471 289.1529071792377 47.1
472 289.150761369258 47.2
473 289.1486210687208 47.3
474 289.1464862306005 47.40000000000001
475 289.1443568063693 47.5
476 289.1422327326266 47.6
477 289.1401139828278 47.7
478 289.1380004932148 47.8
479 289.1358922094839 47.90000000000001
480 289.1337891192875 48
481 289.1316911715936 48.1
482 289.1295983588342 48.2
483 289.1275106577818 48.3
484 289.1254280308567 48.40000000000001
485 289.1233504410068 48.5
486 289.1212779441252 48.6
487 289.1192104949278 48.7
488 289.1171480802916 48.8
489 289.1150907085482 48.90000000000001
490 289.1130383662046 49
491 289.1109910674484 49.1
492 289.1089488040088 49.2
493 289.1069116321553 49.3
494 289.1048795099961 49.40000000000001
495 289.102852442223 49.5
496 289.1008304780245 49.6
497 289.0988136743853 49.7
498 289.0968020044337 49.8
499 289.0947954685865 49.90000000000001
500 289.0927941424847 50
501 289.0907980403899 50.1
502 289.0888071926252 50.2
503 289.0868216263139 50.3
504 289.084841375711 50.40000000000001
505 289.082866481398 50.5
506 289.0808969914952 50.6
507 289.0789329208802 50.7
508 289.0769743494975 50.8
509 289.0750212927847 50.90000000000001
510 289.0730737901051 51
511 289.0711318915163 51.1
512 289.069195628151 51.2
513 289.0672650631784 51.3
514 289.0653402320018 51.40000000000001
515 289.0634211733581 51.5
516 289.0615079369396 51.6
517 289.0596005934516 51.7
518 289.0576991483976 51.8
519 289.0558036689642 51.90000000000001
520 289.0539141999539 52
521 289.0520307701694 52.1
522 289.0501534322467 52.2
523 289.0482822298089 52.3
524 289.0464172143652 52.40000000000001
525 289.0445584328899 52.5
526 289.0427059096488 52.6
527 289.0408596950357 52.7
528 289.0390198059778 52.8
529 289.0371863013536 52.90000000000001
530 289.0353592068295 53
531 289.0335385768408 53.1
532 289.0317244263262 53.2
533 289.029916792006 53.3
534 289.0281157002206 53.40000000000001
535 289.0263211878024 53.5
536 289.0245332850383 53.6
537 289.0227519933673 53.7
538 289.020977338866 53.8
539 289.0192093395359 53.90000000000001
540 289.0174480160899 54
541 289.0156933855498 54.1
542 289.0139454580434 54.2
543 289.0122042423086 54.3
544 289.0104697445385 54.40000000000001
545 289.0087419722596 54.5
546 289.007020951628 54.6
547 289.0053066595603 54.7
548 289.0035990995882 54.8
549 289.0018982605297 54.90000000000001
550 289.0002041313854 55
551 288.9985167134386 55.1
552 288.9968359850197 55.2
553 288.9951619325144 55.3
554 288.993494542591 55.40000000000001
555 288.9918337754131 55.5
556 288.9901796201924 55.6
557 288.9885320620807 55.7
558 288.9868910564153 55.8
559 288.9852565891118 55.90000000000001
560 288.9836286123945 56
561 288.982007090851 56.1
562 288.9803919953483 56.2
563 288.9787832752298 56.3
564 288.9771808977268 56.40000000000001
565 288.9755847995341 56.5
566 288.9739949374268 56.6
567 288.972411265963 56.7
568 288.9708337280109 56.8
569 288.9692622774685 56.90000000000001
570 288.967696857798 57
571 288.9661374088926 57.1
572 288.9645838631539 57.2
573 288.9630361599188 57.3
574 288.9614942342755 57.40000000000001
575 288.9599580216026 57.5
576 288.9584274351999 57.6
577 288.9569024263844 57.7
578 288.9553829223686 57.8
579 288.9538688542815 57.90000000000001
580 288.9523601556898 58
581 288.9508567556466 58.1
582 288.9493585706572 58.2
583 288.9478655278882 58.3
584 288.9463775566146 58.40000000000001
585 288.9448945694394 58.5
586 288.9434164960647 58.6
587 288.9419432555393 58.7
588 288.9404747620945 58.8
589 288.9390109561738 58.90000000000001
590 288.9375517419131 59
591 288.9360970488327 59.1
592 288.9346467984042 59.2
593 288.9332009003382 59.3
594 288.9317592860623 59.40000000000001
595 288.9303218749681 59.5
596 288.9288885877652 59.6
597 288.9274593441519 59.7
598 288.9260340840939 59.8
599 288.9246127164289 59.90000000000001
600 288.9231951852666 60
